{"numFailedTestSuites":3,"numFailedTests":56,"numPassedTestSuites":26,"numPassedTests":429,"numPendingTestSuites":0,"numPendingTests":0,"numRuntimeErrorTestSuites":0,"numTodoTests":0,"numTotalTestSuites":29,"numTotalTests":485,"openHandles":[],"snapshot":{"added":0,"didUpdate":false,"failure":false,"filesAdded":0,"filesRemoved":0,"filesRemovedList":[],"filesUnmatched":0,"filesUpdated":0,"matched":0,"total":0,"unchecked":0,"uncheckedKeysByFile":[],"unmatched":0,"updated":0},"startTime":1774150315466,"success":false,"testResults":[{"assertionResults":[{"ancestorTitles":["IndoorMapScreen"],"duration":450,"failureDetails":[],"failureMessages":[],"fullName":"IndoorMapScreen renders with building name and floor selector","invocations":1,"location":null,"numPassingAsserts":3,"retryReasons":[],"status":"passed","title":"renders with building name and floor selector"},{"ancestorTitles":["IndoorMapScreen"],"duration":1121,"failureDetails":[{"matcherResult":{"message":"\u001b[2mexpect(\u001b[22m\u001b[31mjest.fn()\u001b[39m\u001b[2m).\u001b[22mtoHaveBeenCalledWith\u001b[2m(\u001b[22m\u001b[32m...expected\u001b[39m\u001b[2m)\u001b[22m\n\nExpected: \u001b[32mAnything\u001b[39m, \u001b[32m1\u001b[39m, \u001b[32m\"MB\"\u001b[39m\n\nNumber of calls: \u001b[31m0\u001b[39m","pass":false}}],"failureMessages":["Error: \u001b[2mexpect(\u001b[22m\u001b[31mjest.fn()\u001b[39m\u001b[2m).\u001b[22mtoHaveBeenCalledWith\u001b[2m(\u001b[22m\u001b[32m...expected\u001b[39m\u001b[2m)\u001b[22m\n\nExpected: \u001b[32mAnything\u001b[39m, \u001b[32m1\u001b[39m, \u001b[32m\"MB\"\u001b[39m\n\nNumber of calls: \u001b[31m0\u001b[39m\n    at Object.<anonymous> (C:\\Users\\khali\\OneDrive\\Desktop\\Snorting-Code\\__tests__\\IndoorMapScreen.test.tsx:164:18)\n    at Generator.next (<anonymous>)\n    at asyncGeneratorStep (C:\\Users\\khali\\OneDrive\\Desktop\\Snorting-Code\\node_modules\\@babel\\runtime\\helpers\\asyncToGenerator.js:3:17)\n    at _next (C:\\Users\\khali\\OneDrive\\Desktop\\Snorting-Code\\node_modules\\@babel\\runtime\\helpers\\asyncToGenerator.js:17:9)\n    at C:\\Users\\khali\\OneDrive\\Desktop\\Snorting-Code\\node_modules\\@babel\\runtime\\helpers\\asyncToGenerator.js:22:7\n    at new Promise (<anonymous>)\n    at Object.<anonymous> (C:\\Users\\khali\\OneDrive\\Desktop\\Snorting-Code\\node_modules\\@babel\\runtime\\helpers\\asyncToGenerator.js:14:12)\n    at Promise.then.completed (C:\\Users\\khali\\OneDrive\\Desktop\\Snorting-Code\\node_modules\\jest-circus\\build\\utils.js:298:28)\n    at new Promise (<anonymous>)\n    at callAsyncCircusFn (C:\\Users\\khali\\OneDrive\\Desktop\\Snorting-Code\\node_modules\\jest-circus\\build\\utils.js:231:10)\n    at _callCircusTest (C:\\Users\\khali\\OneDrive\\Desktop\\Snorting-Code\\node_modules\\jest-circus\\build\\run.js:316:40)\n    at _runTest (C:\\Users\\khali\\OneDrive\\Desktop\\Snorting-Code\\node_modules\\jest-circus\\build\\run.js:252:3)\n    at _runTestsForDescribeBlock (C:\\Users\\khali\\OneDrive\\Desktop\\Snorting-Code\\node_modules\\jest-circus\\build\\run.js:126:9)\n    at _runTestsForDescribeBlock (C:\\Users\\khali\\OneDrive\\Desktop\\Snorting-Code\\node_modules\\jest-circus\\build\\run.js:121:9)\n    at run (C:\\Users\\khali\\OneDrive\\Desktop\\Snorting-Code\\node_modules\\jest-circus\\build\\run.js:71:3)\n    at runAndTransformResultsToJestFormat (C:\\Users\\khali\\OneDrive\\Desktop\\Snorting-Code\\node_modules\\jest-circus\\build\\legacy-code-todo-rewrite\\jestAdapterInit.js:122:21)\n    at jestAdapter (C:\\Users\\khali\\OneDrive\\Desktop\\Snorting-Code\\node_modules\\jest-circus\\build\\legacy-code-todo-rewrite\\jestAdapter.js:79:19)\n    at runTestInternal (C:\\Users\\khali\\OneDrive\\Desktop\\Snorting-Code\\node_modules\\jest-runner\\build\\runTest.js:367:16)\n    at runTest (C:\\Users\\khali\\OneDrive\\Desktop\\Snorting-Code\\node_modules\\jest-runner\\build\\runTest.js:444:34)"],"fullName":"IndoorMapScreen defaults to the first available floor","invocations":1,"location":null,"numPassingAsserts":0,"retryReasons":[],"status":"failed","title":"defaults to the first available floor"},{"ancestorTitles":["IndoorMapScreen"],"duration":1093,"failureDetails":[{"matcherResult":{"message":"\u001b[2mexpect(\u001b[22m\u001b[31mjest.fn()\u001b[39m\u001b[2m).\u001b[22mtoHaveBeenCalledWith\u001b[2m(\u001b[22m\u001b[32m...expected\u001b[39m\u001b[2m)\u001b[22m\n\nExpected: \u001b[32mAnything\u001b[39m, \u001b[32m-2\u001b[39m, \u001b[32m\"MB\"\u001b[39m\n\nNumber of calls: \u001b[31m0\u001b[39m","pass":false}}],"failureMessages":["Error: \u001b[2mexpect(\u001b[22m\u001b[31mjest.fn()\u001b[39m\u001b[2m).\u001b[22mtoHaveBeenCalledWith\u001b[2m(\u001b[22m\u001b[32m...expected\u001b[39m\u001b[2m)\u001b[22m\n\nExpected: \u001b[32mAnything\u001b[39m, \u001b[32m-2\u001b[39m, \u001b[32m\"MB\"\u001b[39m\n\nNumber of calls: \u001b[31m0\u001b[39m\n    at Object.<anonymous> (C:\\Users\\khali\\OneDrive\\Desktop\\Snorting-Code\\__tests__\\IndoorMapScreen.test.tsx:188:18)\n    at Generator.next (<anonymous>)\n    at asyncGeneratorStep (C:\\Users\\khali\\OneDrive\\Desktop\\Snorting-Code\\node_modules\\@babel\\runtime\\helpers\\asyncToGenerator.js:3:17)\n    at _next (C:\\Users\\khali\\OneDrive\\Desktop\\Snorting-Code\\node_modules\\@babel\\runtime\\helpers\\asyncToGenerator.js:17:9)"],"fullName":"IndoorMapScreen switches floor when floor button is pressed","invocations":1,"location":null,"numPassingAsserts":1,"retryReasons":[],"status":"failed","title":"switches floor when floor button is pressed"},{"ancestorTitles":["IndoorMapScreen"],"duration":1111,"failureDetails":[{"matcherResult":{"message":"\u001b[2mexpect(\u001b[22m\u001b[31mjest.fn()\u001b[39m\u001b[2m).\u001b[22mtoHaveBeenCalled\u001b[2m()\u001b[22m\n\nExpected number of calls: >= \u001b[32m1\u001b[39m\nReceived number of calls:    \u001b[31m0\u001b[39m","pass":false}}],"failureMessages":["Error: \u001b[2mexpect(\u001b[22m\u001b[31mjest.fn()\u001b[39m\u001b[2m).\u001b[22mtoHaveBeenCalled\u001b[2m()\u001b[22m\n\nExpected number of calls: >= \u001b[32m1\u001b[39m\nReceived number of calls:    \u001b[31m0\u001b[39m\n    at Object.<anonymous> (C:\\Users\\khali\\OneDrive\\Desktop\\Snorting-Code\\__tests__\\IndoorMapScreen.test.tsx:205:18)\n    at Generator.next (<anonymous>)\n    at asyncGeneratorStep (C:\\Users\\khali\\OneDrive\\Desktop\\Snorting-Code\\node_modules\\@babel\\runtime\\helpers\\asyncToGenerator.js:3:17)\n    at _next (C:\\Users\\khali\\OneDrive\\Desktop\\Snorting-Code\\node_modules\\@babel\\runtime\\helpers\\asyncToGenerator.js:17:9)\n    at C:\\Users\\khali\\OneDrive\\Desktop\\Snorting-Code\\node_modules\\@babel\\runtime\\helpers\\asyncToGenerator.js:22:7\n    at new Promise (<anonymous>)\n    at Object.<anonymous> (C:\\Users\\khali\\OneDrive\\Desktop\\Snorting-Code\\node_modules\\@babel\\runtime\\helpers\\asyncToGenerator.js:14:12)\n    at Promise.then.completed (C:\\Users\\khali\\OneDrive\\Desktop\\Snorting-Code\\node_modules\\jest-circus\\build\\utils.js:298:28)\n    at new Promise (<anonymous>)\n    at callAsyncCircusFn (C:\\Users\\khali\\OneDrive\\Desktop\\Snorting-Code\\node_modules\\jest-circus\\build\\utils.js:231:10)\n    at _callCircusTest (C:\\Users\\khali\\OneDrive\\Desktop\\Snorting-Code\\node_modules\\jest-circus\\build\\run.js:316:40)\n    at _runTest (C:\\Users\\khali\\OneDrive\\Desktop\\Snorting-Code\\node_modules\\jest-circus\\build\\run.js:252:3)\n    at _runTestsForDescribeBlock (C:\\Users\\khali\\OneDrive\\Desktop\\Snorting-Code\\node_modules\\jest-circus\\build\\run.js:126:9)\n    at _runTestsForDescribeBlock (C:\\Users\\khali\\OneDrive\\Desktop\\Snorting-Code\\node_modules\\jest-circus\\build\\run.js:121:9)\n    at run (C:\\Users\\khali\\OneDrive\\Desktop\\Snorting-Code\\node_modules\\jest-circus\\build\\run.js:71:3)\n    at runAndTransformResultsToJestFormat (C:\\Users\\khali\\OneDrive\\Desktop\\Snorting-Code\\node_modules\\jest-circus\\build\\legacy-code-todo-rewrite\\jestAdapterInit.js:122:21)\n    at jestAdapter (C:\\Users\\khali\\OneDrive\\Desktop\\Snorting-Code\\node_modules\\jest-circus\\build\\legacy-code-todo-rewrite\\jestAdapter.js:79:19)\n    at runTestInternal (C:\\Users\\khali\\OneDrive\\Desktop\\Snorting-Code\\node_modules\\jest-runner\\build\\runTest.js:367:16)\n    at runTest (C:\\Users\\khali\\OneDrive\\Desktop\\Snorting-Code\\node_modules\\jest-runner\\build\\runTest.js:444:34)"],"fullName":"IndoorMapScreen parses GeoJSON into composite pattern structure","invocations":1,"location":null,"numPassingAsserts":0,"retryReasons":[],"status":"failed","title":"parses GeoJSON into composite pattern structure"},{"ancestorTitles":["IndoorMapScreen"],"duration":1060,"failureDetails":[{}],"failureMessages":["Error: Unable to find an element with testID: svg-polygon\n\n\u001b[36m<View>\u001b[39m\n  \u001b[36m<View>\u001b[39m\n    \u001b[36m<Text>\u001b[39m\n      \u001b[0m🏛️ Inside \u001b[0m\n      \u001b[0mMB\u001b[0m\n      \u001b[0m Building\u001b[0m\n    \u001b[36m</Text>\u001b[39m\n  \u001b[36m</View>\u001b[39m\n  \u001b[36m<View>\u001b[39m\n    \u001b[36m<RCTScrollView>\u001b[39m\n      \u001b[36m<View>\u001b[39m\n        \u001b[36m<View\u001b[39m\n          \u001b[33maccessible\u001b[39m=\u001b[32m{true}\u001b[39m\n        \u001b[36m>\u001b[39m\n          \u001b[36m<Text>\u001b[39m\n            \u001b[0m1\u001b[0m\n          \u001b[36m</Text>\u001b[39m\n        \u001b[36m</View>\u001b[39m\n      \u001b[36m</View>\u001b[39m\n    \u001b[36m</RCTScrollView>\u001b[39m\n  \u001b[36m</View>\u001b[39m\n  \u001b[36m<View>\u001b[39m\n    \u001b[36m<View>\u001b[39m\n      \u001b[36m<View\u001b[39m\n        \u001b[33maccessible\u001b[39m=\u001b[32m{true}\u001b[39m\n      \u001b[36m>\u001b[39m\n        \u001b[36m<Text>\u001b[39m\n          \u001b[0mFROM\u001b[0m\n        \u001b[36m</Text>\u001b[39m\n        \u001b[36m<Text>\u001b[39m\n          \u001b[0mSelect room…\u001b[0m\n        \u001b[36m</Text>\u001b[39m\n      \u001b[36m</View>\u001b[39m\n      \u001b[36m<Text>\u001b[39m\n        \u001b[0m→\u001b[0m\n      \u001b[36m</Text>\u001b[39m\n      \u001b[36m<View\u001b[39m\n        \u001b[33maccessible\u001b[39m=\u001b[32m{true}\u001b[39m\n      \u001b[36m>\u001b[39m\n        \u001b[36m<Text>\u001b[39m\n          \u001b[0mTO\u001b[0m\n        \u001b[36m</Text>\u001b[39m\n        \u001b[36m<Text>\u001b[39m\n          \u001b[0mSelect room…\u001b[0m\n        \u001b[36m</Text>\u001b[39m\n      \u001b[36m</View>\u001b[39m\n    \u001b[36m</View>\u001b[39m\n    \u001b[36m<View>\u001b[39m\n      \u001b[36m<View\u001b[39m\n        \u001b[33maccessible\u001b[39m=\u001b[32m{true}\u001b[39m\n      \u001b[36m>\u001b[39m\n        \u001b[36m<Text>\u001b[39m\n          \u001b[0m♿\u001b[0m\n        \u001b[36m</Text>\u001b[39m\n      \u001b[36m</View>\u001b[39m\n      \u001b[36m<View\u001b[39m\n        \u001b[33maccessibilityState\u001b[39m=\u001b[32m{\n          {\n            \"disabled\": true,\n          }\n        }\u001b[39m\n        \u001b[33maccessible\u001b[39m=\u001b[32m{true}\u001b[39m\n      \u001b[36m>\u001b[39m\n        \u001b[36m<Text>\u001b[39m\n          \u001b[0mGo\u001b[0m\n        \u001b[36m</Text>\u001b[39m\n      \u001b[36m</View>\u001b[39m\n      \u001b[36m<View\u001b[39m\n        \u001b[33maccessible\u001b[39m=\u001b[32m{true}\u001b[39m\n      \u001b[36m>\u001b[39m\n        \u001b[36m<Text>\u001b[39m\n          \u001b[0mClear\u001b[0m\n        \u001b[36m</Text>\u001b[39m\n      \u001b[36m</View>\u001b[39m\n    \u001b[36m</View>\u001b[39m\n  \u001b[36m</View>\u001b[39m\n  \u001b[36m<View>\u001b[39m\n    \u001b[36m<View>\u001b[39m\n      \u001b[36m<View>\u001b[39m\n        \u001b[36m<View>\u001b[39m\n          \u001b[36m<RCTScrollView>\u001b[39m\n            \u001b[36m<View>\u001b[39m\n              \u001b[36m<View>\u001b[39m\n                \u001b[36m<Image />\u001b[39m\n              \u001b[36m</View>\u001b[39m\n            \u001b[36m</View>\u001b[39m\n          \u001b[36m</RCTScrollView>\u001b[39m\n        \u001b[36m</View>\u001b[39m\n      \u001b[36m</View>\u001b[39m\n    \u001b[36m</View>\u001b[39m\n  \u001b[36m</View>\u001b[39m\n\u001b[36m</View>\u001b[39m\n    at Object.<anonymous> (C:\\Users\\khali\\OneDrive\\Desktop\\Snorting-Code\\__tests__\\IndoorMapScreen.test.tsx:220:18)\n    at Generator.next (<anonymous>)\n    at asyncGeneratorStep (C:\\Users\\khali\\OneDrive\\Desktop\\Snorting-Code\\node_modules\\@babel\\runtime\\helpers\\asyncToGenerator.js:3:17)\n    at _next (C:\\Users\\khali\\OneDrive\\Desktop\\Snorting-Code\\node_modules\\@babel\\runtime\\helpers\\asyncToGenerator.js:17:9)\n    at C:\\Users\\khali\\OneDrive\\Desktop\\Snorting-Code\\node_modules\\@babel\\runtime\\helpers\\asyncToGenerator.js:22:7\n    at new Promise (<anonymous>)\n    at Object.<anonymous> (C:\\Users\\khali\\OneDrive\\Desktop\\Snorting-Code\\node_modules\\@babel\\runtime\\helpers\\asyncToGenerator.js:14:12)\n    at Promise.then.completed (C:\\Users\\khali\\OneDrive\\Desktop\\Snorting-Code\\node_modules\\jest-circus\\build\\utils.js:298:28)\n    at new Promise (<anonymous>)\n    at callAsyncCircusFn (C:\\Users\\khali\\OneDrive\\Desktop\\Snorting-Code\\node_modules\\jest-circus\\build\\utils.js:231:10)\n    at _callCircusTest (C:\\Users\\khali\\OneDrive\\Desktop\\Snorting-Code\\node_modules\\jest-circus\\build\\run.js:316:40)\n    at _runTest (C:\\Users\\khali\\OneDrive\\Desktop\\Snorting-Code\\node_modules\\jest-circus\\build\\run.js:252:3)\n    at _runTestsForDescribeBlock (C:\\Users\\khali\\OneDrive\\Desktop\\Snorting-Code\\node_modules\\jest-circus\\build\\run.js:126:9)\n    at _runTestsForDescribeBlock (C:\\Users\\khali\\OneDrive\\Desktop\\Snorting-Code\\node_modules\\jest-circus\\build\\run.js:121:9)\n    at run (C:\\Users\\khali\\OneDrive\\Desktop\\Snorting-Code\\node_modules\\jest-circus\\build\\run.js:71:3)\n    at runAndTransformResultsToJestFormat (C:\\Users\\khali\\OneDrive\\Desktop\\Snorting-Code\\node_modules\\jest-circus\\build\\legacy-code-todo-rewrite\\jestAdapterInit.js:122:21)\n    at jestAdapter (C:\\Users\\khali\\OneDrive\\Desktop\\Snorting-Code\\node_modules\\jest-circus\\build\\legacy-code-todo-rewrite\\jestAdapter.js:79:19)\n    at runTestInternal (C:\\Users\\khali\\OneDrive\\Desktop\\Snorting-Code\\node_modules\\jest-runner\\build\\runTest.js:367:16)\n    at runTest (C:\\Users\\khali\\OneDrive\\Desktop\\Snorting-Code\\node_modules\\jest-runner\\build\\runTest.js:444:34)"],"fullName":"IndoorMapScreen renders SVG polygons from composite floor children","invocations":1,"location":null,"numPassingAsserts":0,"retryReasons":[],"status":"failed","title":"renders SVG polygons from composite floor children"},{"ancestorTitles":["IndoorMapScreen"],"duration":1095,"failureDetails":[{}],"failureMessages":["Error: Unable to find an element with testID: svg-text\n\n\u001b[36m<View>\u001b[39m\n  \u001b[36m<View>\u001b[39m\n    \u001b[36m<Text>\u001b[39m\n      \u001b[0m🏛️ Inside \u001b[0m\n      \u001b[0mMB\u001b[0m\n      \u001b[0m Building\u001b[0m\n    \u001b[36m</Text>\u001b[39m\n  \u001b[36m</View>\u001b[39m\n  \u001b[36m<View>\u001b[39m\n    \u001b[36m<RCTScrollView>\u001b[39m\n      \u001b[36m<View>\u001b[39m\n        \u001b[36m<View\u001b[39m\n          \u001b[33maccessible\u001b[39m=\u001b[32m{true}\u001b[39m\n        \u001b[36m>\u001b[39m\n          \u001b[36m<Text>\u001b[39m\n            \u001b[0m1\u001b[0m\n          \u001b[36m</Text>\u001b[39m\n        \u001b[36m</View>\u001b[39m\n      \u001b[36m</View>\u001b[39m\n    \u001b[36m</RCTScrollView>\u001b[39m\n  \u001b[36m</View>\u001b[39m\n  \u001b[36m<View>\u001b[39m\n    \u001b[36m<View>\u001b[39m\n      \u001b[36m<View\u001b[39m\n        \u001b[33maccessible\u001b[39m=\u001b[32m{true}\u001b[39m\n      \u001b[36m>\u001b[39m\n        \u001b[36m<Text>\u001b[39m\n          \u001b[0mFROM\u001b[0m\n        \u001b[36m</Text>\u001b[39m\n        \u001b[36m<Text>\u001b[39m\n          \u001b[0mSelect room…\u001b[0m\n        \u001b[36m</Text>\u001b[39m\n      \u001b[36m</View>\u001b[39m\n      \u001b[36m<Text>\u001b[39m\n        \u001b[0m→\u001b[0m\n      \u001b[36m</Text>\u001b[39m\n      \u001b[36m<View\u001b[39m\n        \u001b[33maccessible\u001b[39m=\u001b[32m{true}\u001b[39m\n      \u001b[36m>\u001b[39m\n        \u001b[36m<Text>\u001b[39m\n          \u001b[0mTO\u001b[0m\n        \u001b[36m</Text>\u001b[39m\n        \u001b[36m<Text>\u001b[39m\n          \u001b[0mSelect room…\u001b[0m\n        \u001b[36m</Text>\u001b[39m\n      \u001b[36m</View>\u001b[39m\n    \u001b[36m</View>\u001b[39m\n    \u001b[36m<View>\u001b[39m\n      \u001b[36m<View\u001b[39m\n        \u001b[33maccessible\u001b[39m=\u001b[32m{true}\u001b[39m\n      \u001b[36m>\u001b[39m\n        \u001b[36m<Text>\u001b[39m\n          \u001b[0m♿\u001b[0m\n        \u001b[36m</Text>\u001b[39m\n      \u001b[36m</View>\u001b[39m\n      \u001b[36m<View\u001b[39m\n        \u001b[33maccessibilityState\u001b[39m=\u001b[32m{\n          {\n            \"disabled\": true,\n          }\n        }\u001b[39m\n        \u001b[33maccessible\u001b[39m=\u001b[32m{true}\u001b[39m\n      \u001b[36m>\u001b[39m\n        \u001b[36m<Text>\u001b[39m\n          \u001b[0mGo\u001b[0m\n        \u001b[36m</Text>\u001b[39m\n      \u001b[36m</View>\u001b[39m\n      \u001b[36m<View\u001b[39m\n        \u001b[33maccessible\u001b[39m=\u001b[32m{true}\u001b[39m\n      \u001b[36m>\u001b[39m\n        \u001b[36m<Text>\u001b[39m\n          \u001b[0mClear\u001b[0m\n        \u001b[36m</Text>\u001b[39m\n      \u001b[36m</View>\u001b[39m\n    \u001b[36m</View>\u001b[39m\n  \u001b[36m</View>\u001b[39m\n  \u001b[36m<View>\u001b[39m\n    \u001b[36m<View>\u001b[39m\n      \u001b[36m<View>\u001b[39m\n        \u001b[36m<View>\u001b[39m\n          \u001b[36m<RCTScrollView>\u001b[39m\n            \u001b[36m<View>\u001b[39m\n              \u001b[36m<View>\u001b[39m\n                \u001b[36m<Image />\u001b[39m\n              \u001b[36m</View>\u001b[39m\n            \u001b[36m</View>\u001b[39m\n          \u001b[36m</RCTScrollView>\u001b[39m\n        \u001b[36m</View>\u001b[39m\n      \u001b[36m</View>\u001b[39m\n    \u001b[36m</View>\u001b[39m\n  \u001b[36m</View>\u001b[39m\n\u001b[36m</View>\u001b[39m\n    at Object.<anonymous> (C:\\Users\\khali\\OneDrive\\Desktop\\Snorting-Code\\__tests__\\IndoorMapScreen.test.tsx:234:18)\n    at Generator.next (<anonymous>)\n    at asyncGeneratorStep (C:\\Users\\khali\\OneDrive\\Desktop\\Snorting-Code\\node_modules\\@babel\\runtime\\helpers\\asyncToGenerator.js:3:17)\n    at _next (C:\\Users\\khali\\OneDrive\\Desktop\\Snorting-Code\\node_modules\\@babel\\runtime\\helpers\\asyncToGenerator.js:17:9)\n    at C:\\Users\\khali\\OneDrive\\Desktop\\Snorting-Code\\node_modules\\@babel\\runtime\\helpers\\asyncToGenerator.js:22:7\n    at new Promise (<anonymous>)\n    at Object.<anonymous> (C:\\Users\\khali\\OneDrive\\Desktop\\Snorting-Code\\node_modules\\@babel\\runtime\\helpers\\asyncToGenerator.js:14:12)\n    at Promise.then.completed (C:\\Users\\khali\\OneDrive\\Desktop\\Snorting-Code\\node_modules\\jest-circus\\build\\utils.js:298:28)\n    at new Promise (<anonymous>)\n    at callAsyncCircusFn (C:\\Users\\khali\\OneDrive\\Desktop\\Snorting-Code\\node_modules\\jest-circus\\build\\utils.js:231:10)\n    at _callCircusTest (C:\\Users\\khali\\OneDrive\\Desktop\\Snorting-Code\\node_modules\\jest-circus\\build\\run.js:316:40)\n    at _runTest (C:\\Users\\khali\\OneDrive\\Desktop\\Snorting-Code\\node_modules\\jest-circus\\build\\run.js:252:3)\n    at _runTestsForDescribeBlock (C:\\Users\\khali\\OneDrive\\Desktop\\Snorting-Code\\node_modules\\jest-circus\\build\\run.js:126:9)\n    at _runTestsForDescribeBlock (C:\\Users\\khali\\OneDrive\\Desktop\\Snorting-Code\\node_modules\\jest-circus\\build\\run.js:121:9)\n    at run (C:\\Users\\khali\\OneDrive\\Desktop\\Snorting-Code\\node_modules\\jest-circus\\build\\run.js:71:3)\n    at runAndTransformResultsToJestFormat (C:\\Users\\khali\\OneDrive\\Desktop\\Snorting-Code\\node_modules\\jest-circus\\build\\legacy-code-todo-rewrite\\jestAdapterInit.js:122:21)\n    at jestAdapter (C:\\Users\\khali\\OneDrive\\Desktop\\Snorting-Code\\node_modules\\jest-circus\\build\\legacy-code-todo-rewrite\\jestAdapter.js:79:19)\n    at runTestInternal (C:\\Users\\khali\\OneDrive\\Desktop\\Snorting-Code\\node_modules\\jest-runner\\build\\runTest.js:367:16)\n    at runTest (C:\\Users\\khali\\OneDrive\\Desktop\\Snorting-Code\\node_modules\\jest-runner\\build\\runTest.js:444:34)"],"fullName":"IndoorMapScreen renders room labels from composite nodes","invocations":1,"location":null,"numPassingAsserts":0,"retryReasons":[],"status":"failed","title":"renders room labels from composite nodes"},{"ancestorTitles":["IndoorMapScreen"],"duration":1080,"failureDetails":[{}],"failureMessages":["Error: Unable to find an element with testID: svg-text\n\n\u001b[36m<View>\u001b[39m\n  \u001b[36m<View>\u001b[39m\n    \u001b[36m<Text>\u001b[39m\n      \u001b[0m🏛️ Inside \u001b[0m\n      \u001b[0mMB\u001b[0m\n      \u001b[0m Building\u001b[0m\n    \u001b[36m</Text>\u001b[39m\n  \u001b[36m</View>\u001b[39m\n  \u001b[36m<View>\u001b[39m\n    \u001b[36m<RCTScrollView>\u001b[39m\n      \u001b[36m<View>\u001b[39m\n        \u001b[36m<View\u001b[39m\n          \u001b[33maccessible\u001b[39m=\u001b[32m{true}\u001b[39m\n        \u001b[36m>\u001b[39m\n          \u001b[36m<Text>\u001b[39m\n            \u001b[0m1\u001b[0m\n          \u001b[36m</Text>\u001b[39m\n        \u001b[36m</View>\u001b[39m\n      \u001b[36m</View>\u001b[39m\n    \u001b[36m</RCTScrollView>\u001b[39m\n  \u001b[36m</View>\u001b[39m\n  \u001b[36m<View>\u001b[39m\n    \u001b[36m<View>\u001b[39m\n      \u001b[36m<View\u001b[39m\n        \u001b[33maccessible\u001b[39m=\u001b[32m{true}\u001b[39m\n      \u001b[36m>\u001b[39m\n        \u001b[36m<Text>\u001b[39m\n          \u001b[0mFROM\u001b[0m\n        \u001b[36m</Text>\u001b[39m\n        \u001b[36m<Text>\u001b[39m\n          \u001b[0mSelect room…\u001b[0m\n        \u001b[36m</Text>\u001b[39m\n      \u001b[36m</View>\u001b[39m\n      \u001b[36m<Text>\u001b[39m\n        \u001b[0m→\u001b[0m\n      \u001b[36m</Text>\u001b[39m\n      \u001b[36m<View\u001b[39m\n        \u001b[33maccessible\u001b[39m=\u001b[32m{true}\u001b[39m\n      \u001b[36m>\u001b[39m\n        \u001b[36m<Text>\u001b[39m\n          \u001b[0mTO\u001b[0m\n        \u001b[36m</Text>\u001b[39m\n        \u001b[36m<Text>\u001b[39m\n          \u001b[0mSelect room…\u001b[0m\n        \u001b[36m</Text>\u001b[39m\n      \u001b[36m</View>\u001b[39m\n    \u001b[36m</View>\u001b[39m\n    \u001b[36m<View>\u001b[39m\n      \u001b[36m<View\u001b[39m\n        \u001b[33maccessible\u001b[39m=\u001b[32m{true}\u001b[39m\n      \u001b[36m>\u001b[39m\n        \u001b[36m<Text>\u001b[39m\n          \u001b[0m♿\u001b[0m\n        \u001b[36m</Text>\u001b[39m\n      \u001b[36m</View>\u001b[39m\n      \u001b[36m<View\u001b[39m\n        \u001b[33maccessibilityState\u001b[39m=\u001b[32m{\n          {\n            \"disabled\": true,\n          }\n        }\u001b[39m\n        \u001b[33maccessible\u001b[39m=\u001b[32m{true}\u001b[39m\n      \u001b[36m>\u001b[39m\n        \u001b[36m<Text>\u001b[39m\n          \u001b[0mGo\u001b[0m\n        \u001b[36m</Text>\u001b[39m\n      \u001b[36m</View>\u001b[39m\n      \u001b[36m<View\u001b[39m\n        \u001b[33maccessible\u001b[39m=\u001b[32m{true}\u001b[39m\n      \u001b[36m>\u001b[39m\n        \u001b[36m<Text>\u001b[39m\n          \u001b[0mClear\u001b[0m\n        \u001b[36m</Text>\u001b[39m\n      \u001b[36m</View>\u001b[39m\n    \u001b[36m</View>\u001b[39m\n  \u001b[36m</View>\u001b[39m\n  \u001b[36m<View>\u001b[39m\n    \u001b[36m<View>\u001b[39m\n      \u001b[36m<View>\u001b[39m\n        \u001b[36m<View>\u001b[39m\n          \u001b[36m<RCTScrollView>\u001b[39m\n            \u001b[36m<View>\u001b[39m\n              \u001b[36m<View>\u001b[39m\n                \u001b[36m<Image />\u001b[39m\n              \u001b[36m</View>\u001b[39m\n            \u001b[36m</View>\u001b[39m\n          \u001b[36m</RCTScrollView>\u001b[39m\n        \u001b[36m</View>\u001b[39m\n      \u001b[36m</View>\u001b[39m\n    \u001b[36m</View>\u001b[39m\n  \u001b[36m</View>\u001b[39m\n\u001b[36m</View>\u001b[39m\n    at Object.<anonymous> (C:\\Users\\khali\\OneDrive\\Desktop\\Snorting-Code\\__tests__\\IndoorMapScreen.test.tsx:252:18)\n    at Generator.next (<anonymous>)\n    at asyncGeneratorStep (C:\\Users\\khali\\OneDrive\\Desktop\\Snorting-Code\\node_modules\\@babel\\runtime\\helpers\\asyncToGenerator.js:3:17)\n    at _next (C:\\Users\\khali\\OneDrive\\Desktop\\Snorting-Code\\node_modules\\@babel\\runtime\\helpers\\asyncToGenerator.js:17:9)\n    at C:\\Users\\khali\\OneDrive\\Desktop\\Snorting-Code\\node_modules\\@babel\\runtime\\helpers\\asyncToGenerator.js:22:7\n    at new Promise (<anonymous>)\n    at Object.<anonymous> (C:\\Users\\khali\\OneDrive\\Desktop\\Snorting-Code\\node_modules\\@babel\\runtime\\helpers\\asyncToGenerator.js:14:12)\n    at Promise.then.completed (C:\\Users\\khali\\OneDrive\\Desktop\\Snorting-Code\\node_modules\\jest-circus\\build\\utils.js:298:28)\n    at new Promise (<anonymous>)\n    at callAsyncCircusFn (C:\\Users\\khali\\OneDrive\\Desktop\\Snorting-Code\\node_modules\\jest-circus\\build\\utils.js:231:10)\n    at _callCircusTest (C:\\Users\\khali\\OneDrive\\Desktop\\Snorting-Code\\node_modules\\jest-circus\\build\\run.js:316:40)\n    at _runTest (C:\\Users\\khali\\OneDrive\\Desktop\\Snorting-Code\\node_modules\\jest-circus\\build\\run.js:252:3)\n    at _runTestsForDescribeBlock (C:\\Users\\khali\\OneDrive\\Desktop\\Snorting-Code\\node_modules\\jest-circus\\build\\run.js:126:9)\n    at _runTestsForDescribeBlock (C:\\Users\\khali\\OneDrive\\Desktop\\Snorting-Code\\node_modules\\jest-circus\\build\\run.js:121:9)\n    at run (C:\\Users\\khali\\OneDrive\\Desktop\\Snorting-Code\\node_modules\\jest-circus\\build\\run.js:71:3)\n    at runAndTransformResultsToJestFormat (C:\\Users\\khali\\OneDrive\\Desktop\\Snorting-Code\\node_modules\\jest-circus\\build\\legacy-code-todo-rewrite\\jestAdapterInit.js:122:21)\n    at jestAdapter (C:\\Users\\khali\\OneDrive\\Desktop\\Snorting-Code\\node_modules\\jest-circus\\build\\legacy-code-todo-rewrite\\jestAdapter.js:79:19)\n    at runTestInternal (C:\\Users\\khali\\OneDrive\\Desktop\\Snorting-Code\\node_modules\\jest-runner\\build\\runTest.js:367:16)\n    at runTest (C:\\Users\\khali\\OneDrive\\Desktop\\Snorting-Code\\node_modules\\jest-runner\\build\\runTest.js:444:34)"],"fullName":"IndoorMapScreen does not render labels for Elevator Block or block rooms","invocations":1,"location":null,"numPassingAsserts":0,"retryReasons":[],"status":"failed","title":"does not render labels for Elevator Block or block rooms"},{"ancestorTitles":["IndoorMapScreen"],"duration":1089,"failureDetails":[{}],"failureMessages":["Error: Unable to find an element with testID: svg-text\n\n\u001b[36m<View>\u001b[39m\n  \u001b[36m<View>\u001b[39m\n    \u001b[36m<Text>\u001b[39m\n      \u001b[0m🏛️ Inside \u001b[0m\n      \u001b[0mMB\u001b[0m\n      \u001b[0m Building\u001b[0m\n    \u001b[36m</Text>\u001b[39m\n  \u001b[36m</View>\u001b[39m\n  \u001b[36m<View>\u001b[39m\n    \u001b[36m<RCTScrollView>\u001b[39m\n      \u001b[36m<View>\u001b[39m\n        \u001b[36m<View\u001b[39m\n          \u001b[33maccessible\u001b[39m=\u001b[32m{true}\u001b[39m\n        \u001b[36m>\u001b[39m\n          \u001b[36m<Text>\u001b[39m\n            \u001b[0m1\u001b[0m\n          \u001b[36m</Text>\u001b[39m\n        \u001b[36m</View>\u001b[39m\n      \u001b[36m</View>\u001b[39m\n    \u001b[36m</RCTScrollView>\u001b[39m\n  \u001b[36m</View>\u001b[39m\n  \u001b[36m<View>\u001b[39m\n    \u001b[36m<View>\u001b[39m\n      \u001b[36m<View\u001b[39m\n        \u001b[33maccessible\u001b[39m=\u001b[32m{true}\u001b[39m\n      \u001b[36m>\u001b[39m\n        \u001b[36m<Text>\u001b[39m\n          \u001b[0mFROM\u001b[0m\n        \u001b[36m</Text>\u001b[39m\n        \u001b[36m<Text>\u001b[39m\n          \u001b[0mSelect room…\u001b[0m\n        \u001b[36m</Text>\u001b[39m\n      \u001b[36m</View>\u001b[39m\n      \u001b[36m<Text>\u001b[39m\n        \u001b[0m→\u001b[0m\n      \u001b[36m</Text>\u001b[39m\n      \u001b[36m<View\u001b[39m\n        \u001b[33maccessible\u001b[39m=\u001b[32m{true}\u001b[39m\n      \u001b[36m>\u001b[39m\n        \u001b[36m<Text>\u001b[39m\n          \u001b[0mTO\u001b[0m\n        \u001b[36m</Text>\u001b[39m\n        \u001b[36m<Text>\u001b[39m\n          \u001b[0mSelect room…\u001b[0m\n        \u001b[36m</Text>\u001b[39m\n      \u001b[36m</View>\u001b[39m\n    \u001b[36m</View>\u001b[39m\n    \u001b[36m<View>\u001b[39m\n      \u001b[36m<View\u001b[39m\n        \u001b[33maccessible\u001b[39m=\u001b[32m{true}\u001b[39m\n      \u001b[36m>\u001b[39m\n        \u001b[36m<Text>\u001b[39m\n          \u001b[0m♿\u001b[0m\n        \u001b[36m</Text>\u001b[39m\n      \u001b[36m</View>\u001b[39m\n      \u001b[36m<View\u001b[39m\n        \u001b[33maccessibilityState\u001b[39m=\u001b[32m{\n          {\n            \"disabled\": true,\n          }\n        }\u001b[39m\n        \u001b[33maccessible\u001b[39m=\u001b[32m{true}\u001b[39m\n      \u001b[36m>\u001b[39m\n        \u001b[36m<Text>\u001b[39m\n          \u001b[0mGo\u001b[0m\n        \u001b[36m</Text>\u001b[39m\n      \u001b[36m</View>\u001b[39m\n      \u001b[36m<View\u001b[39m\n        \u001b[33maccessible\u001b[39m=\u001b[32m{true}\u001b[39m\n      \u001b[36m>\u001b[39m\n        \u001b[36m<Text>\u001b[39m\n          \u001b[0mClear\u001b[0m\n        \u001b[36m</Text>\u001b[39m\n      \u001b[36m</View>\u001b[39m\n    \u001b[36m</View>\u001b[39m\n  \u001b[36m</View>\u001b[39m\n  \u001b[36m<View>\u001b[39m\n    \u001b[36m<View>\u001b[39m\n      \u001b[36m<View>\u001b[39m\n        \u001b[36m<View>\u001b[39m\n          \u001b[36m<RCTScrollView>\u001b[39m\n            \u001b[36m<View>\u001b[39m\n              \u001b[36m<View>\u001b[39m\n                \u001b[36m<Image />\u001b[39m\n              \u001b[36m</View>\u001b[39m\n            \u001b[36m</View>\u001b[39m\n          \u001b[36m</RCTScrollView>\u001b[39m\n        \u001b[36m</View>\u001b[39m\n      \u001b[36m</View>\u001b[39m\n    \u001b[36m</View>\u001b[39m\n  \u001b[36m</View>\u001b[39m\n\u001b[36m</View>\u001b[39m\n    at Object.<anonymous> (C:\\Users\\khali\\OneDrive\\Desktop\\Snorting-Code\\__tests__\\IndoorMapScreen.test.tsx:270:18)\n    at Generator.next (<anonymous>)\n    at asyncGeneratorStep (C:\\Users\\khali\\OneDrive\\Desktop\\Snorting-Code\\node_modules\\@babel\\runtime\\helpers\\asyncToGenerator.js:3:17)\n    at _next (C:\\Users\\khali\\OneDrive\\Desktop\\Snorting-Code\\node_modules\\@babel\\runtime\\helpers\\asyncToGenerator.js:17:9)\n    at C:\\Users\\khali\\OneDrive\\Desktop\\Snorting-Code\\node_modules\\@babel\\runtime\\helpers\\asyncToGenerator.js:22:7\n    at new Promise (<anonymous>)\n    at Object.<anonymous> (C:\\Users\\khali\\OneDrive\\Desktop\\Snorting-Code\\node_modules\\@babel\\runtime\\helpers\\asyncToGenerator.js:14:12)\n    at Promise.then.completed (C:\\Users\\khali\\OneDrive\\Desktop\\Snorting-Code\\node_modules\\jest-circus\\build\\utils.js:298:28)\n    at new Promise (<anonymous>)\n    at callAsyncCircusFn (C:\\Users\\khali\\OneDrive\\Desktop\\Snorting-Code\\node_modules\\jest-circus\\build\\utils.js:231:10)\n    at _callCircusTest (C:\\Users\\khali\\OneDrive\\Desktop\\Snorting-Code\\node_modules\\jest-circus\\build\\run.js:316:40)\n    at _runTest (C:\\Users\\khali\\OneDrive\\Desktop\\Snorting-Code\\node_modules\\jest-circus\\build\\run.js:252:3)\n    at _runTestsForDescribeBlock (C:\\Users\\khali\\OneDrive\\Desktop\\Snorting-Code\\node_modules\\jest-circus\\build\\run.js:126:9)\n    at _runTestsForDescribeBlock (C:\\Users\\khali\\OneDrive\\Desktop\\Snorting-Code\\node_modules\\jest-circus\\build\\run.js:121:9)\n    at run (C:\\Users\\khali\\OneDrive\\Desktop\\Snorting-Code\\node_modules\\jest-circus\\build\\run.js:71:3)\n    at runAndTransformResultsToJestFormat (C:\\Users\\khali\\OneDrive\\Desktop\\Snorting-Code\\node_modules\\jest-circus\\build\\legacy-code-todo-rewrite\\jestAdapterInit.js:122:21)\n    at jestAdapter (C:\\Users\\khali\\OneDrive\\Desktop\\Snorting-Code\\node_modules\\jest-circus\\build\\legacy-code-todo-rewrite\\jestAdapter.js:79:19)\n    at runTestInternal (C:\\Users\\khali\\OneDrive\\Desktop\\Snorting-Code\\node_modules\\jest-runner\\build\\runTest.js:367:16)\n    at runTest (C:\\Users\\khali\\OneDrive\\Desktop\\Snorting-Code\\node_modules\\jest-runner\\build\\runTest.js:444:34)"],"fullName":"IndoorMapScreen uses centroid values from the composite node","invocations":1,"location":null,"numPassingAsserts":0,"retryReasons":[],"status":"failed","title":"uses centroid values from the composite node"},{"ancestorTitles":["IndoorMapScreen"],"duration":1104,"failureDetails":[{}],"failureMessages":["Error: Unable to find an element with testID: svg-polygon\n\n\u001b[36m<View>\u001b[39m\n  \u001b[36m<View>\u001b[39m\n    \u001b[36m<Text>\u001b[39m\n      \u001b[0m🏛️ Inside \u001b[0m\n      \u001b[0mMB\u001b[0m\n      \u001b[0m Building\u001b[0m\n    \u001b[36m</Text>\u001b[39m\n  \u001b[36m</View>\u001b[39m\n  \u001b[36m<View>\u001b[39m\n    \u001b[36m<RCTScrollView>\u001b[39m\n      \u001b[36m<View>\u001b[39m\n        \u001b[36m<View\u001b[39m\n          \u001b[33maccessible\u001b[39m=\u001b[32m{true}\u001b[39m\n        \u001b[36m>\u001b[39m\n          \u001b[36m<Text>\u001b[39m\n            \u001b[0m1\u001b[0m\n          \u001b[36m</Text>\u001b[39m\n        \u001b[36m</View>\u001b[39m\n      \u001b[36m</View>\u001b[39m\n    \u001b[36m</RCTScrollView>\u001b[39m\n  \u001b[36m</View>\u001b[39m\n  \u001b[36m<View>\u001b[39m\n    \u001b[36m<View>\u001b[39m\n      \u001b[36m<View\u001b[39m\n        \u001b[33maccessible\u001b[39m=\u001b[32m{true}\u001b[39m\n      \u001b[36m>\u001b[39m\n        \u001b[36m<Text>\u001b[39m\n          \u001b[0mFROM\u001b[0m\n        \u001b[36m</Text>\u001b[39m\n        \u001b[36m<Text>\u001b[39m\n          \u001b[0mSelect room…\u001b[0m\n        \u001b[36m</Text>\u001b[39m\n      \u001b[36m</View>\u001b[39m\n      \u001b[36m<Text>\u001b[39m\n        \u001b[0m→\u001b[0m\n      \u001b[36m</Text>\u001b[39m\n      \u001b[36m<View\u001b[39m\n        \u001b[33maccessible\u001b[39m=\u001b[32m{true}\u001b[39m\n      \u001b[36m>\u001b[39m\n        \u001b[36m<Text>\u001b[39m\n          \u001b[0mTO\u001b[0m\n        \u001b[36m</Text>\u001b[39m\n        \u001b[36m<Text>\u001b[39m\n          \u001b[0mSelect room…\u001b[0m\n        \u001b[36m</Text>\u001b[39m\n      \u001b[36m</View>\u001b[39m\n    \u001b[36m</View>\u001b[39m\n    \u001b[36m<View>\u001b[39m\n      \u001b[36m<View\u001b[39m\n        \u001b[33maccessible\u001b[39m=\u001b[32m{true}\u001b[39m\n      \u001b[36m>\u001b[39m\n        \u001b[36m<Text>\u001b[39m\n          \u001b[0m♿\u001b[0m\n        \u001b[36m</Text>\u001b[39m\n      \u001b[36m</View>\u001b[39m\n      \u001b[36m<View\u001b[39m\n        \u001b[33maccessibilityState\u001b[39m=\u001b[32m{\n          {\n            \"disabled\": true,\n          }\n        }\u001b[39m\n        \u001b[33maccessible\u001b[39m=\u001b[32m{true}\u001b[39m\n      \u001b[36m>\u001b[39m\n        \u001b[36m<Text>\u001b[39m\n          \u001b[0mGo\u001b[0m\n        \u001b[36m</Text>\u001b[39m\n      \u001b[36m</View>\u001b[39m\n      \u001b[36m<View\u001b[39m\n        \u001b[33maccessible\u001b[39m=\u001b[32m{true}\u001b[39m\n      \u001b[36m>\u001b[39m\n        \u001b[36m<Text>\u001b[39m\n          \u001b[0mClear\u001b[0m\n        \u001b[36m</Text>\u001b[39m\n      \u001b[36m</View>\u001b[39m\n    \u001b[36m</View>\u001b[39m\n  \u001b[36m</View>\u001b[39m\n  \u001b[36m<View>\u001b[39m\n    \u001b[36m<View>\u001b[39m\n      \u001b[36m<View>\u001b[39m\n        \u001b[36m<View>\u001b[39m\n          \u001b[36m<RCTScrollView>\u001b[39m\n            \u001b[36m<View>\u001b[39m\n              \u001b[36m<View>\u001b[39m\n                \u001b[36m<Image />\u001b[39m\n              \u001b[36m</View>\u001b[39m\n            \u001b[36m</View>\u001b[39m\n          \u001b[36m</RCTScrollView>\u001b[39m\n        \u001b[36m</View>\u001b[39m\n      \u001b[36m</View>\u001b[39m\n    \u001b[36m</View>\u001b[39m\n  \u001b[36m</View>\u001b[39m\n\u001b[36m</View>\u001b[39m\n    at Object.<anonymous> (C:\\Users\\khali\\OneDrive\\Desktop\\Snorting-Code\\__tests__\\IndoorMapScreen.test.tsx:288:18)\n    at Generator.next (<anonymous>)\n    at asyncGeneratorStep (C:\\Users\\khali\\OneDrive\\Desktop\\Snorting-Code\\node_modules\\@babel\\runtime\\helpers\\asyncToGenerator.js:3:17)\n    at _next (C:\\Users\\khali\\OneDrive\\Desktop\\Snorting-Code\\node_modules\\@babel\\runtime\\helpers\\asyncToGenerator.js:17:9)\n    at C:\\Users\\khali\\OneDrive\\Desktop\\Snorting-Code\\node_modules\\@babel\\runtime\\helpers\\asyncToGenerator.js:22:7\n    at new Promise (<anonymous>)\n    at Object.<anonymous> (C:\\Users\\khali\\OneDrive\\Desktop\\Snorting-Code\\node_modules\\@babel\\runtime\\helpers\\asyncToGenerator.js:14:12)\n    at Promise.then.completed (C:\\Users\\khali\\OneDrive\\Desktop\\Snorting-Code\\node_modules\\jest-circus\\build\\utils.js:298:28)\n    at new Promise (<anonymous>)\n    at callAsyncCircusFn (C:\\Users\\khali\\OneDrive\\Desktop\\Snorting-Code\\node_modules\\jest-circus\\build\\utils.js:231:10)\n    at _callCircusTest (C:\\Users\\khali\\OneDrive\\Desktop\\Snorting-Code\\node_modules\\jest-circus\\build\\run.js:316:40)\n    at _runTest (C:\\Users\\khali\\OneDrive\\Desktop\\Snorting-Code\\node_modules\\jest-circus\\build\\run.js:252:3)\n    at _runTestsForDescribeBlock (C:\\Users\\khali\\OneDrive\\Desktop\\Snorting-Code\\node_modules\\jest-circus\\build\\run.js:126:9)\n    at _runTestsForDescribeBlock (C:\\Users\\khali\\OneDrive\\Desktop\\Snorting-Code\\node_modules\\jest-circus\\build\\run.js:121:9)\n    at run (C:\\Users\\khali\\OneDrive\\Desktop\\Snorting-Code\\node_modules\\jest-circus\\build\\run.js:71:3)\n    at runAndTransformResultsToJestFormat (C:\\Users\\khali\\OneDrive\\Desktop\\Snorting-Code\\node_modules\\jest-circus\\build\\legacy-code-todo-rewrite\\jestAdapterInit.js:122:21)\n    at jestAdapter (C:\\Users\\khali\\OneDrive\\Desktop\\Snorting-Code\\node_modules\\jest-circus\\build\\legacy-code-todo-rewrite\\jestAdapter.js:79:19)\n    at runTestInternal (C:\\Users\\khali\\OneDrive\\Desktop\\Snorting-Code\\node_modules\\jest-runner\\build\\runTest.js:367:16)\n    at runTest (C:\\Users\\khali\\OneDrive\\Desktop\\Snorting-Code\\node_modules\\jest-runner\\build\\runTest.js:444:34)"],"fullName":"IndoorMapScreen applies different colors for hallways vs rooms","invocations":1,"location":null,"numPassingAsserts":0,"retryReasons":[],"status":"failed","title":"applies different colors for hallways vs rooms"},{"ancestorTitles":["IndoorMapScreen"],"duration":1093,"failureDetails":[{}],"failureMessages":["Error: Unable to find an element with testID: svg-viewbox\n\n\u001b[36m<View>\u001b[39m\n  \u001b[36m<View>\u001b[39m\n    \u001b[36m<Text>\u001b[39m\n      \u001b[0m🏛️ Inside \u001b[0m\n      \u001b[0mMB\u001b[0m\n      \u001b[0m Building\u001b[0m\n    \u001b[36m</Text>\u001b[39m\n  \u001b[36m</View>\u001b[39m\n  \u001b[36m<View>\u001b[39m\n    \u001b[36m<RCTScrollView>\u001b[39m\n      \u001b[36m<View>\u001b[39m\n        \u001b[36m<View\u001b[39m\n          \u001b[33maccessible\u001b[39m=\u001b[32m{true}\u001b[39m\n        \u001b[36m>\u001b[39m\n          \u001b[36m<Text>\u001b[39m\n            \u001b[0m1\u001b[0m\n          \u001b[36m</Text>\u001b[39m\n        \u001b[36m</View>\u001b[39m\n      \u001b[36m</View>\u001b[39m\n    \u001b[36m</RCTScrollView>\u001b[39m\n  \u001b[36m</View>\u001b[39m\n  \u001b[36m<View>\u001b[39m\n    \u001b[36m<View>\u001b[39m\n      \u001b[36m<View\u001b[39m\n        \u001b[33maccessible\u001b[39m=\u001b[32m{true}\u001b[39m\n      \u001b[36m>\u001b[39m\n        \u001b[36m<Text>\u001b[39m\n          \u001b[0mFROM\u001b[0m\n        \u001b[36m</Text>\u001b[39m\n        \u001b[36m<Text>\u001b[39m\n          \u001b[0mSelect room…\u001b[0m\n        \u001b[36m</Text>\u001b[39m\n      \u001b[36m</View>\u001b[39m\n      \u001b[36m<Text>\u001b[39m\n        \u001b[0m→\u001b[0m\n      \u001b[36m</Text>\u001b[39m\n      \u001b[36m<View\u001b[39m\n        \u001b[33maccessible\u001b[39m=\u001b[32m{true}\u001b[39m\n      \u001b[36m>\u001b[39m\n        \u001b[36m<Text>\u001b[39m\n          \u001b[0mTO\u001b[0m\n        \u001b[36m</Text>\u001b[39m\n        \u001b[36m<Text>\u001b[39m\n          \u001b[0mSelect room…\u001b[0m\n        \u001b[36m</Text>\u001b[39m\n      \u001b[36m</View>\u001b[39m\n    \u001b[36m</View>\u001b[39m\n    \u001b[36m<View>\u001b[39m\n      \u001b[36m<View\u001b[39m\n        \u001b[33maccessible\u001b[39m=\u001b[32m{true}\u001b[39m\n      \u001b[36m>\u001b[39m\n        \u001b[36m<Text>\u001b[39m\n          \u001b[0m♿\u001b[0m\n        \u001b[36m</Text>\u001b[39m\n      \u001b[36m</View>\u001b[39m\n      \u001b[36m<View\u001b[39m\n        \u001b[33maccessibilityState\u001b[39m=\u001b[32m{\n          {\n            \"disabled\": true,\n          }\n        }\u001b[39m\n        \u001b[33maccessible\u001b[39m=\u001b[32m{true}\u001b[39m\n      \u001b[36m>\u001b[39m\n        \u001b[36m<Text>\u001b[39m\n          \u001b[0mGo\u001b[0m\n        \u001b[36m</Text>\u001b[39m\n      \u001b[36m</View>\u001b[39m\n      \u001b[36m<View\u001b[39m\n        \u001b[33maccessible\u001b[39m=\u001b[32m{true}\u001b[39m\n      \u001b[36m>\u001b[39m\n        \u001b[36m<Text>\u001b[39m\n          \u001b[0mClear\u001b[0m\n        \u001b[36m</Text>\u001b[39m\n      \u001b[36m</View>\u001b[39m\n    \u001b[36m</View>\u001b[39m\n  \u001b[36m</View>\u001b[39m\n  \u001b[36m<View>\u001b[39m\n    \u001b[36m<View>\u001b[39m\n      \u001b[36m<View>\u001b[39m\n        \u001b[36m<View>\u001b[39m\n          \u001b[36m<RCTScrollView>\u001b[39m\n            \u001b[36m<View>\u001b[39m\n              \u001b[36m<View>\u001b[39m\n                \u001b[36m<Image />\u001b[39m\n              \u001b[36m</View>\u001b[39m\n            \u001b[36m</View>\u001b[39m\n          \u001b[36m</RCTScrollView>\u001b[39m\n        \u001b[36m</View>\u001b[39m\n      \u001b[36m</View>\u001b[39m\n    \u001b[36m</View>\u001b[39m\n  \u001b[36m</View>\u001b[39m\n\u001b[36m</View>\u001b[39m\n    at Object.<anonymous> (C:\\Users\\khali\\OneDrive\\Desktop\\Snorting-Code\\__tests__\\IndoorMapScreen.test.tsx:306:18)\n    at Generator.next (<anonymous>)\n    at asyncGeneratorStep (C:\\Users\\khali\\OneDrive\\Desktop\\Snorting-Code\\node_modules\\@babel\\runtime\\helpers\\asyncToGenerator.js:3:17)\n    at _next (C:\\Users\\khali\\OneDrive\\Desktop\\Snorting-Code\\node_modules\\@babel\\runtime\\helpers\\asyncToGenerator.js:17:9)\n    at C:\\Users\\khali\\OneDrive\\Desktop\\Snorting-Code\\node_modules\\@babel\\runtime\\helpers\\asyncToGenerator.js:22:7\n    at new Promise (<anonymous>)\n    at Object.<anonymous> (C:\\Users\\khali\\OneDrive\\Desktop\\Snorting-Code\\node_modules\\@babel\\runtime\\helpers\\asyncToGenerator.js:14:12)\n    at Promise.then.completed (C:\\Users\\khali\\OneDrive\\Desktop\\Snorting-Code\\node_modules\\jest-circus\\build\\utils.js:298:28)\n    at new Promise (<anonymous>)\n    at callAsyncCircusFn (C:\\Users\\khali\\OneDrive\\Desktop\\Snorting-Code\\node_modules\\jest-circus\\build\\utils.js:231:10)\n    at _callCircusTest (C:\\Users\\khali\\OneDrive\\Desktop\\Snorting-Code\\node_modules\\jest-circus\\build\\run.js:316:40)\n    at _runTest (C:\\Users\\khali\\OneDrive\\Desktop\\Snorting-Code\\node_modules\\jest-circus\\build\\run.js:252:3)\n    at _runTestsForDescribeBlock (C:\\Users\\khali\\OneDrive\\Desktop\\Snorting-Code\\node_modules\\jest-circus\\build\\run.js:126:9)\n    at _runTestsForDescribeBlock (C:\\Users\\khali\\OneDrive\\Desktop\\Snorting-Code\\node_modules\\jest-circus\\build\\run.js:121:9)\n    at run (C:\\Users\\khali\\OneDrive\\Desktop\\Snorting-Code\\node_modules\\jest-circus\\build\\run.js:71:3)\n    at runAndTransformResultsToJestFormat (C:\\Users\\khali\\OneDrive\\Desktop\\Snorting-Code\\node_modules\\jest-circus\\build\\legacy-code-todo-rewrite\\jestAdapterInit.js:122:21)\n    at jestAdapter (C:\\Users\\khali\\OneDrive\\Desktop\\Snorting-Code\\node_modules\\jest-circus\\build\\legacy-code-todo-rewrite\\jestAdapter.js:79:19)\n    at runTestInternal (C:\\Users\\khali\\OneDrive\\Desktop\\Snorting-Code\\node_modules\\jest-runner\\build\\runTest.js:367:16)\n    at runTest (C:\\Users\\khali\\OneDrive\\Desktop\\Snorting-Code\\node_modules\\jest-runner\\build\\runTest.js:444:34)"],"fullName":"IndoorMapScreen calculates viewBox bounds with padding from composite floor","invocations":1,"location":null,"numPassingAsserts":0,"retryReasons":[],"status":"failed","title":"calculates viewBox bounds with padding from composite floor"},{"ancestorTitles":["IndoorMapScreen"],"duration":30,"failureDetails":[],"failureMessages":[],"fullName":"IndoorMapScreen shows no map message when floor data is not available","invocations":1,"location":null,"numPassingAsserts":1,"retryReasons":[],"status":"passed","title":"shows no map message when floor data is not available"},{"ancestorTitles":["IndoorMapScreen"],"duration":1079,"failureDetails":[{}],"failureMessages":["Error: Unable to find an element with testID: svg-polygon\n\n\u001b[36m<View>\u001b[39m\n  \u001b[36m<View>\u001b[39m\n    \u001b[36m<Text>\u001b[39m\n      \u001b[0m🏛️ Inside \u001b[0m\n      \u001b[0mMB\u001b[0m\n      \u001b[0m Building\u001b[0m\n    \u001b[36m</Text>\u001b[39m\n  \u001b[36m</View>\u001b[39m\n  \u001b[36m<View>\u001b[39m\n    \u001b[36m<RCTScrollView>\u001b[39m\n      \u001b[36m<View>\u001b[39m\n        \u001b[36m<View\u001b[39m\n          \u001b[33maccessible\u001b[39m=\u001b[32m{true}\u001b[39m\n        \u001b[36m>\u001b[39m\n          \u001b[36m<Text>\u001b[39m\n            \u001b[0m1\u001b[0m\n          \u001b[36m</Text>\u001b[39m\n        \u001b[36m</View>\u001b[39m\n      \u001b[36m</View>\u001b[39m\n    \u001b[36m</RCTScrollView>\u001b[39m\n  \u001b[36m</View>\u001b[39m\n  \u001b[36m<View>\u001b[39m\n    \u001b[36m<View>\u001b[39m\n      \u001b[36m<View\u001b[39m\n        \u001b[33maccessible\u001b[39m=\u001b[32m{true}\u001b[39m\n      \u001b[36m>\u001b[39m\n        \u001b[36m<Text>\u001b[39m\n          \u001b[0mFROM\u001b[0m\n        \u001b[36m</Text>\u001b[39m\n        \u001b[36m<Text>\u001b[39m\n          \u001b[0mSelect room…\u001b[0m\n        \u001b[36m</Text>\u001b[39m\n      \u001b[36m</View>\u001b[39m\n      \u001b[36m<Text>\u001b[39m\n        \u001b[0m→\u001b[0m\n      \u001b[36m</Text>\u001b[39m\n      \u001b[36m<View\u001b[39m\n        \u001b[33maccessible\u001b[39m=\u001b[32m{true}\u001b[39m\n      \u001b[36m>\u001b[39m\n        \u001b[36m<Text>\u001b[39m\n          \u001b[0mTO\u001b[0m\n        \u001b[36m</Text>\u001b[39m\n        \u001b[36m<Text>\u001b[39m\n          \u001b[0mSelect room…\u001b[0m\n        \u001b[36m</Text>\u001b[39m\n      \u001b[36m</View>\u001b[39m\n    \u001b[36m</View>\u001b[39m\n    \u001b[36m<View>\u001b[39m\n      \u001b[36m<View\u001b[39m\n        \u001b[33maccessible\u001b[39m=\u001b[32m{true}\u001b[39m\n      \u001b[36m>\u001b[39m\n        \u001b[36m<Text>\u001b[39m\n          \u001b[0m♿\u001b[0m\n        \u001b[36m</Text>\u001b[39m\n      \u001b[36m</View>\u001b[39m\n      \u001b[36m<View\u001b[39m\n        \u001b[33maccessibilityState\u001b[39m=\u001b[32m{\n          {\n            \"disabled\": true,\n          }\n        }\u001b[39m\n        \u001b[33maccessible\u001b[39m=\u001b[32m{true}\u001b[39m\n      \u001b[36m>\u001b[39m\n        \u001b[36m<Text>\u001b[39m\n          \u001b[0mGo\u001b[0m\n        \u001b[36m</Text>\u001b[39m\n      \u001b[36m</View>\u001b[39m\n      \u001b[36m<View\u001b[39m\n        \u001b[33maccessible\u001b[39m=\u001b[32m{true}\u001b[39m\n      \u001b[36m>\u001b[39m\n        \u001b[36m<Text>\u001b[39m\n          \u001b[0mClear\u001b[0m\n        \u001b[36m</Text>\u001b[39m\n      \u001b[36m</View>\u001b[39m\n    \u001b[36m</View>\u001b[39m\n  \u001b[36m</View>\u001b[39m\n  \u001b[36m<View>\u001b[39m\n    \u001b[36m<View>\u001b[39m\n      \u001b[36m<View>\u001b[39m\n        \u001b[36m<View>\u001b[39m\n          \u001b[36m<RCTScrollView>\u001b[39m\n            \u001b[36m<View>\u001b[39m\n              \u001b[36m<View>\u001b[39m\n                \u001b[36m<Image />\u001b[39m\n              \u001b[36m</View>\u001b[39m\n            \u001b[36m</View>\u001b[39m\n          \u001b[36m</RCTScrollView>\u001b[39m\n        \u001b[36m</View>\u001b[39m\n      \u001b[36m</View>\u001b[39m\n    \u001b[36m</View>\u001b[39m\n  \u001b[36m</View>\u001b[39m\n\u001b[36m</View>\u001b[39m\n    at Object.<anonymous> (C:\\Users\\khali\\OneDrive\\Desktop\\Snorting-Code\\__tests__\\IndoorMapScreen.test.tsx:334:18)\n    at Generator.next (<anonymous>)\n    at asyncGeneratorStep (C:\\Users\\khali\\OneDrive\\Desktop\\Snorting-Code\\node_modules\\@babel\\runtime\\helpers\\asyncToGenerator.js:3:17)\n    at _next (C:\\Users\\khali\\OneDrive\\Desktop\\Snorting-Code\\node_modules\\@babel\\runtime\\helpers\\asyncToGenerator.js:17:9)\n    at C:\\Users\\khali\\OneDrive\\Desktop\\Snorting-Code\\node_modules\\@babel\\runtime\\helpers\\asyncToGenerator.js:22:7\n    at new Promise (<anonymous>)\n    at Object.<anonymous> (C:\\Users\\khali\\OneDrive\\Desktop\\Snorting-Code\\node_modules\\@babel\\runtime\\helpers\\asyncToGenerator.js:14:12)\n    at Promise.then.completed (C:\\Users\\khali\\OneDrive\\Desktop\\Snorting-Code\\node_modules\\jest-circus\\build\\utils.js:298:28)\n    at new Promise (<anonymous>)\n    at callAsyncCircusFn (C:\\Users\\khali\\OneDrive\\Desktop\\Snorting-Code\\node_modules\\jest-circus\\build\\utils.js:231:10)\n    at _callCircusTest (C:\\Users\\khali\\OneDrive\\Desktop\\Snorting-Code\\node_modules\\jest-circus\\build\\run.js:316:40)\n    at _runTest (C:\\Users\\khali\\OneDrive\\Desktop\\Snorting-Code\\node_modules\\jest-circus\\build\\run.js:252:3)\n    at _runTestsForDescribeBlock (C:\\Users\\khali\\OneDrive\\Desktop\\Snorting-Code\\node_modules\\jest-circus\\build\\run.js:126:9)\n    at _runTestsForDescribeBlock (C:\\Users\\khali\\OneDrive\\Desktop\\Snorting-Code\\node_modules\\jest-circus\\build\\run.js:121:9)\n    at run (C:\\Users\\khali\\OneDrive\\Desktop\\Snorting-Code\\node_modules\\jest-circus\\build\\run.js:71:3)\n    at runAndTransformResultsToJestFormat (C:\\Users\\khali\\OneDrive\\Desktop\\Snorting-Code\\node_modules\\jest-circus\\build\\legacy-code-todo-rewrite\\jestAdapterInit.js:122:21)\n    at jestAdapter (C:\\Users\\khali\\OneDrive\\Desktop\\Snorting-Code\\node_modules\\jest-circus\\build\\legacy-code-todo-rewrite\\jestAdapter.js:79:19)\n    at runTestInternal (C:\\Users\\khali\\OneDrive\\Desktop\\Snorting-Code\\node_modules\\jest-runner\\build\\runTest.js:367:16)\n    at runTest (C:\\Users\\khali\\OneDrive\\Desktop\\Snorting-Code\\node_modules\\jest-runner\\build\\runTest.js:444:34)"],"fullName":"IndoorMapScreen uses composite pattern methods to get children","invocations":1,"location":null,"numPassingAsserts":0,"retryReasons":[],"status":"failed","title":"uses composite pattern methods to get children"},{"ancestorTitles":["IndoorMapScreen"],"duration":103,"failureDetails":[],"failureMessages":[],"fullName":"IndoorMapScreen handles empty floors array gracefully","invocations":1,"location":null,"numPassingAsserts":1,"retryReasons":[],"status":"passed","title":"handles empty floors array gracefully"},{"ancestorTitles":["IndoorMapScreen"],"duration":72,"failureDetails":[],"failureMessages":[],"fullName":"IndoorMapScreen renders ScrollView for pan and zoom support","invocations":1,"location":null,"numPassingAsserts":1,"retryReasons":[],"status":"passed","title":"renders ScrollView for pan and zoom support"},{"ancestorTitles":["IndoorMapScreen"],"duration":1094,"failureDetails":[{"matcherResult":{"message":"\u001b[2mexpect(\u001b[22m\u001b[31mjest.fn()\u001b[39m\u001b[2m).\u001b[22mtoHaveBeenCalledWith\u001b[2m(\u001b[22m\u001b[32m...expected\u001b[39m\u001b[2m)\u001b[22m\n\nExpected: \u001b[32mAnything\u001b[39m, \u001b[32m-2\u001b[39m, \u001b[32m\"MB\"\u001b[39m\n\nNumber of calls: \u001b[31m0\u001b[39m","pass":false}}],"failureMessages":["Error: \u001b[2mexpect(\u001b[22m\u001b[31mjest.fn()\u001b[39m\u001b[2m).\u001b[22mtoHaveBeenCalledWith\u001b[2m(\u001b[22m\u001b[32m...expected\u001b[39m\u001b[2m)\u001b[22m\n\nExpected: \u001b[32mAnything\u001b[39m, \u001b[32m-2\u001b[39m, \u001b[32m\"MB\"\u001b[39m\n\nNumber of calls: \u001b[31m0\u001b[39m\n    at Object.<anonymous> (C:\\Users\\khali\\OneDrive\\Desktop\\Snorting-Code\\__tests__\\IndoorMapScreen.test.tsx:382:18)\n    at Generator.next (<anonymous>)\n    at asyncGeneratorStep (C:\\Users\\khali\\OneDrive\\Desktop\\Snorting-Code\\node_modules\\@babel\\runtime\\helpers\\asyncToGenerator.js:3:17)\n    at _next (C:\\Users\\khali\\OneDrive\\Desktop\\Snorting-Code\\node_modules\\@babel\\runtime\\helpers\\asyncToGenerator.js:17:9)"],"fullName":"IndoorMapScreen resets selectedFloor when the available floors change and current floor is no longer valid","invocations":1,"location":null,"numPassingAsserts":1,"retryReasons":[],"status":"failed","title":"resets selectedFloor when the available floors change and current floor is no longer valid"},{"ancestorTitles":["IndoorMapScreen"],"duration":29,"failureDetails":[],"failureMessages":[],"fullName":"IndoorMapScreen shows no map when buildingName is undefined","invocations":1,"location":null,"numPassingAsserts":1,"retryReasons":[],"status":"passed","title":"shows no map when buildingName is undefined"},{"ancestorTitles":["IndoorMapScreen"],"duration":1085,"failureDetails":[{}],"failureMessages":["Error: Unable to find an element with text: No map available for MB-1\n\n\u001b[36m<View>\u001b[39m\n  \u001b[36m<View>\u001b[39m\n    \u001b[36m<Text>\u001b[39m\n      \u001b[0m🏛️ Inside \u001b[0m\n      \u001b[0mMB\u001b[0m\n      \u001b[0m Building\u001b[0m\n    \u001b[36m</Text>\u001b[39m\n  \u001b[36m</View>\u001b[39m\n  \u001b[36m<View>\u001b[39m\n    \u001b[36m<RCTScrollView>\u001b[39m\n      \u001b[36m<View>\u001b[39m\n        \u001b[36m<View\u001b[39m\n          \u001b[33maccessible\u001b[39m=\u001b[32m{true}\u001b[39m\n        \u001b[36m>\u001b[39m\n          \u001b[36m<Text>\u001b[39m\n            \u001b[0m1\u001b[0m\n          \u001b[36m</Text>\u001b[39m\n        \u001b[36m</View>\u001b[39m\n      \u001b[36m</View>\u001b[39m\n    \u001b[36m</RCTScrollView>\u001b[39m\n  \u001b[36m</View>\u001b[39m\n  \u001b[36m<View>\u001b[39m\n    \u001b[36m<View>\u001b[39m\n      \u001b[36m<View\u001b[39m\n        \u001b[33maccessible\u001b[39m=\u001b[32m{true}\u001b[39m\n      \u001b[36m>\u001b[39m\n        \u001b[36m<Text>\u001b[39m\n          \u001b[0mFROM\u001b[0m\n        \u001b[36m</Text>\u001b[39m\n        \u001b[36m<Text>\u001b[39m\n          \u001b[0mSelect room…\u001b[0m\n        \u001b[36m</Text>\u001b[39m\n      \u001b[36m</View>\u001b[39m\n      \u001b[36m<Text>\u001b[39m\n        \u001b[0m→\u001b[0m\n      \u001b[36m</Text>\u001b[39m\n      \u001b[36m<View\u001b[39m\n        \u001b[33maccessible\u001b[39m=\u001b[32m{true}\u001b[39m\n      \u001b[36m>\u001b[39m\n        \u001b[36m<Text>\u001b[39m\n          \u001b[0mTO\u001b[0m\n        \u001b[36m</Text>\u001b[39m\n        \u001b[36m<Text>\u001b[39m\n          \u001b[0mSelect room…\u001b[0m\n        \u001b[36m</Text>\u001b[39m\n      \u001b[36m</View>\u001b[39m\n    \u001b[36m</View>\u001b[39m\n    \u001b[36m<View>\u001b[39m\n      \u001b[36m<View\u001b[39m\n        \u001b[33maccessible\u001b[39m=\u001b[32m{true}\u001b[39m\n      \u001b[36m>\u001b[39m\n        \u001b[36m<Text>\u001b[39m\n          \u001b[0m♿\u001b[0m\n        \u001b[36m</Text>\u001b[39m\n      \u001b[36m</View>\u001b[39m\n      \u001b[36m<View\u001b[39m\n        \u001b[33maccessibilityState\u001b[39m=\u001b[32m{\n          {\n            \"disabled\": true,\n          }\n        }\u001b[39m\n        \u001b[33maccessible\u001b[39m=\u001b[32m{true}\u001b[39m\n      \u001b[36m>\u001b[39m\n        \u001b[36m<Text>\u001b[39m\n          \u001b[0mGo\u001b[0m\n        \u001b[36m</Text>\u001b[39m\n      \u001b[36m</View>\u001b[39m\n      \u001b[36m<View\u001b[39m\n        \u001b[33maccessible\u001b[39m=\u001b[32m{true}\u001b[39m\n      \u001b[36m>\u001b[39m\n        \u001b[36m<Text>\u001b[39m\n          \u001b[0mClear\u001b[0m\n        \u001b[36m</Text>\u001b[39m\n      \u001b[36m</View>\u001b[39m\n    \u001b[36m</View>\u001b[39m\n  \u001b[36m</View>\u001b[39m\n  \u001b[36m<View>\u001b[39m\n    \u001b[36m<View>\u001b[39m\n      \u001b[36m<View>\u001b[39m\n        \u001b[36m<View>\u001b[39m\n          \u001b[36m<RCTScrollView>\u001b[39m\n            \u001b[36m<View>\u001b[39m\n              \u001b[36m<View>\u001b[39m\n                \u001b[36m<Image />\u001b[39m\n              \u001b[36m</View>\u001b[39m\n            \u001b[36m</View>\u001b[39m\n          \u001b[36m</RCTScrollView>\u001b[39m\n        \u001b[36m</View>\u001b[39m\n      \u001b[36m</View>\u001b[39m\n    \u001b[36m</View>\u001b[39m\n  \u001b[36m</View>\u001b[39m\n\u001b[36m</View>\u001b[39m\n    at Object.<anonymous> (C:\\Users\\khali\\OneDrive\\Desktop\\Snorting-Code\\__tests__\\IndoorMapScreen.test.tsx:429:18)\n    at Generator.next (<anonymous>)\n    at asyncGeneratorStep (C:\\Users\\khali\\OneDrive\\Desktop\\Snorting-Code\\node_modules\\@babel\\runtime\\helpers\\asyncToGenerator.js:3:17)\n    at _next (C:\\Users\\khali\\OneDrive\\Desktop\\Snorting-Code\\node_modules\\@babel\\runtime\\helpers\\asyncToGenerator.js:17:9)\n    at C:\\Users\\khali\\OneDrive\\Desktop\\Snorting-Code\\node_modules\\@babel\\runtime\\helpers\\asyncToGenerator.js:22:7\n    at new Promise (<anonymous>)\n    at Object.<anonymous> (C:\\Users\\khali\\OneDrive\\Desktop\\Snorting-Code\\node_modules\\@babel\\runtime\\helpers\\asyncToGenerator.js:14:12)\n    at Promise.then.completed (C:\\Users\\khali\\OneDrive\\Desktop\\Snorting-Code\\node_modules\\jest-circus\\build\\utils.js:298:28)\n    at new Promise (<anonymous>)\n    at callAsyncCircusFn (C:\\Users\\khali\\OneDrive\\Desktop\\Snorting-Code\\node_modules\\jest-circus\\build\\utils.js:231:10)\n    at _callCircusTest (C:\\Users\\khali\\OneDrive\\Desktop\\Snorting-Code\\node_modules\\jest-circus\\build\\run.js:316:40)\n    at _runTest (C:\\Users\\khali\\OneDrive\\Desktop\\Snorting-Code\\node_modules\\jest-circus\\build\\run.js:252:3)\n    at _runTestsForDescribeBlock (C:\\Users\\khali\\OneDrive\\Desktop\\Snorting-Code\\node_modules\\jest-circus\\build\\run.js:126:9)\n    at _runTestsForDescribeBlock (C:\\Users\\khali\\OneDrive\\Desktop\\Snorting-Code\\node_modules\\jest-circus\\build\\run.js:121:9)\n    at run (C:\\Users\\khali\\OneDrive\\Desktop\\Snorting-Code\\node_modules\\jest-circus\\build\\run.js:71:3)\n    at runAndTransformResultsToJestFormat (C:\\Users\\khali\\OneDrive\\Desktop\\Snorting-Code\\node_modules\\jest-circus\\build\\legacy-code-todo-rewrite\\jestAdapterInit.js:122:21)\n    at jestAdapter (C:\\Users\\khali\\OneDrive\\Desktop\\Snorting-Code\\node_modules\\jest-circus\\build\\legacy-code-todo-rewrite\\jestAdapter.js:79:19)\n    at runTestInternal (C:\\Users\\khali\\OneDrive\\Desktop\\Snorting-Code\\node_modules\\jest-runner\\build\\runTest.js:367:16)\n    at runTest (C:\\Users\\khali\\OneDrive\\Desktop\\Snorting-Code\\node_modules\\jest-runner\\build\\runTest.js:444:34)"],"fullName":"IndoorMapScreen uses the null floorComposite path when parser returns null","invocations":1,"location":null,"numPassingAsserts":0,"retryReasons":[],"status":"failed","title":"uses the null floorComposite path when parser returns null"},{"ancestorTitles":["IndoorMapScreen"],"duration":1060,"failureDetails":[{}],"failureMessages":["Error: Unable to find an element with testID: svg-polygon\n\n\u001b[36m<View>\u001b[39m\n  \u001b[36m<View>\u001b[39m\n    \u001b[36m<Text>\u001b[39m\n      \u001b[0m🏛️ Inside \u001b[0m\n      \u001b[0mMB\u001b[0m\n      \u001b[0m Building\u001b[0m\n    \u001b[36m</Text>\u001b[39m\n  \u001b[36m</View>\u001b[39m\n  \u001b[36m<View>\u001b[39m\n    \u001b[36m<RCTScrollView>\u001b[39m\n      \u001b[36m<View>\u001b[39m\n        \u001b[36m<View\u001b[39m\n          \u001b[33maccessible\u001b[39m=\u001b[32m{true}\u001b[39m\n        \u001b[36m>\u001b[39m\n          \u001b[36m<Text>\u001b[39m\n            \u001b[0m1\u001b[0m\n          \u001b[36m</Text>\u001b[39m\n        \u001b[36m</View>\u001b[39m\n      \u001b[36m</View>\u001b[39m\n    \u001b[36m</RCTScrollView>\u001b[39m\n  \u001b[36m</View>\u001b[39m\n  \u001b[36m<View>\u001b[39m\n    \u001b[36m<View>\u001b[39m\n      \u001b[36m<View\u001b[39m\n        \u001b[33maccessible\u001b[39m=\u001b[32m{true}\u001b[39m\n      \u001b[36m>\u001b[39m\n        \u001b[36m<Text>\u001b[39m\n          \u001b[0mFROM\u001b[0m\n        \u001b[36m</Text>\u001b[39m\n        \u001b[36m<Text>\u001b[39m\n          \u001b[0mSelect room…\u001b[0m\n        \u001b[36m</Text>\u001b[39m\n      \u001b[36m</View>\u001b[39m\n      \u001b[36m<Text>\u001b[39m\n        \u001b[0m→\u001b[0m\n      \u001b[36m</Text>\u001b[39m\n      \u001b[36m<View\u001b[39m\n        \u001b[33maccessible\u001b[39m=\u001b[32m{true}\u001b[39m\n      \u001b[36m>\u001b[39m\n        \u001b[36m<Text>\u001b[39m\n          \u001b[0mTO\u001b[0m\n        \u001b[36m</Text>\u001b[39m\n        \u001b[36m<Text>\u001b[39m\n          \u001b[0mSelect room…\u001b[0m\n        \u001b[36m</Text>\u001b[39m\n      \u001b[36m</View>\u001b[39m\n    \u001b[36m</View>\u001b[39m\n    \u001b[36m<View>\u001b[39m\n      \u001b[36m<View\u001b[39m\n        \u001b[33maccessible\u001b[39m=\u001b[32m{true}\u001b[39m\n      \u001b[36m>\u001b[39m\n        \u001b[36m<Text>\u001b[39m\n          \u001b[0m♿\u001b[0m\n        \u001b[36m</Text>\u001b[39m\n      \u001b[36m</View>\u001b[39m\n      \u001b[36m<View\u001b[39m\n        \u001b[33maccessibilityState\u001b[39m=\u001b[32m{\n          {\n            \"disabled\": true,\n          }\n        }\u001b[39m\n        \u001b[33maccessible\u001b[39m=\u001b[32m{true}\u001b[39m\n      \u001b[36m>\u001b[39m\n        \u001b[36m<Text>\u001b[39m\n          \u001b[0mGo\u001b[0m\n        \u001b[36m</Text>\u001b[39m\n      \u001b[36m</View>\u001b[39m\n      \u001b[36m<View\u001b[39m\n        \u001b[33maccessible\u001b[39m=\u001b[32m{true}\u001b[39m\n      \u001b[36m>\u001b[39m\n        \u001b[36m<Text>\u001b[39m\n          \u001b[0mClear\u001b[0m\n        \u001b[36m</Text>\u001b[39m\n      \u001b[36m</View>\u001b[39m\n    \u001b[36m</View>\u001b[39m\n  \u001b[36m</View>\u001b[39m\n  \u001b[36m<View>\u001b[39m\n    \u001b[36m<View>\u001b[39m\n      \u001b[36m<View>\u001b[39m\n        \u001b[36m<View>\u001b[39m\n          \u001b[36m<RCTScrollView>\u001b[39m\n            \u001b[36m<View>\u001b[39m\n              \u001b[36m<View>\u001b[39m\n                \u001b[36m<Image />\u001b[39m\n              \u001b[36m</View>\u001b[39m\n            \u001b[36m</View>\u001b[39m\n          \u001b[36m</RCTScrollView>\u001b[39m\n        \u001b[36m</View>\u001b[39m\n      \u001b[36m</View>\u001b[39m\n    \u001b[36m</View>\u001b[39m\n  \u001b[36m</View>\u001b[39m\n\u001b[36m</View>\u001b[39m\n    at Object.<anonymous> (C:\\Users\\khali\\OneDrive\\Desktop\\Snorting-Code\\__tests__\\IndoorMapScreen.test.tsx:441:18)\n    at Generator.next (<anonymous>)\n    at asyncGeneratorStep (C:\\Users\\khali\\OneDrive\\Desktop\\Snorting-Code\\node_modules\\@babel\\runtime\\helpers\\asyncToGenerator.js:3:17)\n    at _next (C:\\Users\\khali\\OneDrive\\Desktop\\Snorting-Code\\node_modules\\@babel\\runtime\\helpers\\asyncToGenerator.js:17:9)\n    at C:\\Users\\khali\\OneDrive\\Desktop\\Snorting-Code\\node_modules\\@babel\\runtime\\helpers\\asyncToGenerator.js:22:7\n    at new Promise (<anonymous>)\n    at Object.<anonymous> (C:\\Users\\khali\\OneDrive\\Desktop\\Snorting-Code\\node_modules\\@babel\\runtime\\helpers\\asyncToGenerator.js:14:12)\n    at Promise.then.completed (C:\\Users\\khali\\OneDrive\\Desktop\\Snorting-Code\\node_modules\\jest-circus\\build\\utils.js:298:28)\n    at new Promise (<anonymous>)\n    at callAsyncCircusFn (C:\\Users\\khali\\OneDrive\\Desktop\\Snorting-Code\\node_modules\\jest-circus\\build\\utils.js:231:10)\n    at _callCircusTest (C:\\Users\\khali\\OneDrive\\Desktop\\Snorting-Code\\node_modules\\jest-circus\\build\\run.js:316:40)\n    at _runTest (C:\\Users\\khali\\OneDrive\\Desktop\\Snorting-Code\\node_modules\\jest-circus\\build\\run.js:252:3)\n    at _runTestsForDescribeBlock (C:\\Users\\khali\\OneDrive\\Desktop\\Snorting-Code\\node_modules\\jest-circus\\build\\run.js:126:9)\n    at _runTestsForDescribeBlock (C:\\Users\\khali\\OneDrive\\Desktop\\Snorting-Code\\node_modules\\jest-circus\\build\\run.js:121:9)\n    at run (C:\\Users\\khali\\OneDrive\\Desktop\\Snorting-Code\\node_modules\\jest-circus\\build\\run.js:71:3)\n    at runAndTransformResultsToJestFormat (C:\\Users\\khali\\OneDrive\\Desktop\\Snorting-Code\\node_modules\\jest-circus\\build\\legacy-code-todo-rewrite\\jestAdapterInit.js:122:21)\n    at jestAdapter (C:\\Users\\khali\\OneDrive\\Desktop\\Snorting-Code\\node_modules\\jest-circus\\build\\legacy-code-todo-rewrite\\jestAdapter.js:79:19)\n    at runTestInternal (C:\\Users\\khali\\OneDrive\\Desktop\\Snorting-Code\\node_modules\\jest-runner\\build\\runTest.js:367:16)\n    at runTest (C:\\Users\\khali\\OneDrive\\Desktop\\Snorting-Code\\node_modules\\jest-runner\\build\\runTest.js:444:34)"],"fullName":"IndoorMapScreen handles pinch gesture update and end","invocations":1,"location":null,"numPassingAsserts":0,"retryReasons":[],"status":"failed","title":"handles pinch gesture update and end"},{"ancestorTitles":["IndoorMapScreen"],"duration":1091,"failureDetails":[{}],"failureMessages":["Error: Unable to find an element with testID: svg-polygon\n\n\u001b[36m<View>\u001b[39m\n  \u001b[36m<View>\u001b[39m\n    \u001b[36m<Text>\u001b[39m\n      \u001b[0m🏛️ Inside \u001b[0m\n      \u001b[0mMB\u001b[0m\n      \u001b[0m Building\u001b[0m\n    \u001b[36m</Text>\u001b[39m\n  \u001b[36m</View>\u001b[39m\n  \u001b[36m<View>\u001b[39m\n    \u001b[36m<RCTScrollView>\u001b[39m\n      \u001b[36m<View>\u001b[39m\n        \u001b[36m<View\u001b[39m\n          \u001b[33maccessible\u001b[39m=\u001b[32m{true}\u001b[39m\n        \u001b[36m>\u001b[39m\n          \u001b[36m<Text>\u001b[39m\n            \u001b[0m1\u001b[0m\n          \u001b[36m</Text>\u001b[39m\n        \u001b[36m</View>\u001b[39m\n      \u001b[36m</View>\u001b[39m\n    \u001b[36m</RCTScrollView>\u001b[39m\n  \u001b[36m</View>\u001b[39m\n  \u001b[36m<View>\u001b[39m\n    \u001b[36m<View>\u001b[39m\n      \u001b[36m<View\u001b[39m\n        \u001b[33maccessible\u001b[39m=\u001b[32m{true}\u001b[39m\n      \u001b[36m>\u001b[39m\n        \u001b[36m<Text>\u001b[39m\n          \u001b[0mFROM\u001b[0m\n        \u001b[36m</Text>\u001b[39m\n        \u001b[36m<Text>\u001b[39m\n          \u001b[0mSelect room…\u001b[0m\n        \u001b[36m</Text>\u001b[39m\n      \u001b[36m</View>\u001b[39m\n      \u001b[36m<Text>\u001b[39m\n        \u001b[0m→\u001b[0m\n      \u001b[36m</Text>\u001b[39m\n      \u001b[36m<View\u001b[39m\n        \u001b[33maccessible\u001b[39m=\u001b[32m{true}\u001b[39m\n      \u001b[36m>\u001b[39m\n        \u001b[36m<Text>\u001b[39m\n          \u001b[0mTO\u001b[0m\n        \u001b[36m</Text>\u001b[39m\n        \u001b[36m<Text>\u001b[39m\n          \u001b[0mSelect room…\u001b[0m\n        \u001b[36m</Text>\u001b[39m\n      \u001b[36m</View>\u001b[39m\n    \u001b[36m</View>\u001b[39m\n    \u001b[36m<View>\u001b[39m\n      \u001b[36m<View\u001b[39m\n        \u001b[33maccessible\u001b[39m=\u001b[32m{true}\u001b[39m\n      \u001b[36m>\u001b[39m\n        \u001b[36m<Text>\u001b[39m\n          \u001b[0m♿\u001b[0m\n        \u001b[36m</Text>\u001b[39m\n      \u001b[36m</View>\u001b[39m\n      \u001b[36m<View\u001b[39m\n        \u001b[33maccessibilityState\u001b[39m=\u001b[32m{\n          {\n            \"disabled\": true,\n          }\n        }\u001b[39m\n        \u001b[33maccessible\u001b[39m=\u001b[32m{true}\u001b[39m\n      \u001b[36m>\u001b[39m\n        \u001b[36m<Text>\u001b[39m\n          \u001b[0mGo\u001b[0m\n        \u001b[36m</Text>\u001b[39m\n      \u001b[36m</View>\u001b[39m\n      \u001b[36m<View\u001b[39m\n        \u001b[33maccessible\u001b[39m=\u001b[32m{true}\u001b[39m\n      \u001b[36m>\u001b[39m\n        \u001b[36m<Text>\u001b[39m\n          \u001b[0mClear\u001b[0m\n        \u001b[36m</Text>\u001b[39m\n      \u001b[36m</View>\u001b[39m\n    \u001b[36m</View>\u001b[39m\n  \u001b[36m</View>\u001b[39m\n  \u001b[36m<View>\u001b[39m\n    \u001b[36m<View>\u001b[39m\n      \u001b[36m<View>\u001b[39m\n        \u001b[36m<View>\u001b[39m\n          \u001b[36m<RCTScrollView>\u001b[39m\n            \u001b[36m<View>\u001b[39m\n              \u001b[36m<View>\u001b[39m\n                \u001b[36m<Image />\u001b[39m\n              \u001b[36m</View>\u001b[39m\n            \u001b[36m</View>\u001b[39m\n          \u001b[36m</RCTScrollView>\u001b[39m\n        \u001b[36m</View>\u001b[39m\n      \u001b[36m</View>\u001b[39m\n    \u001b[36m</View>\u001b[39m\n  \u001b[36m</View>\u001b[39m\n\u001b[36m</View>\u001b[39m\n    at Object.<anonymous> (C:\\Users\\khali\\OneDrive\\Desktop\\Snorting-Code\\__tests__\\IndoorMapScreen.test.tsx:460:18)\n    at Generator.next (<anonymous>)\n    at asyncGeneratorStep (C:\\Users\\khali\\OneDrive\\Desktop\\Snorting-Code\\node_modules\\@babel\\runtime\\helpers\\asyncToGenerator.js:3:17)\n    at _next (C:\\Users\\khali\\OneDrive\\Desktop\\Snorting-Code\\node_modules\\@babel\\runtime\\helpers\\asyncToGenerator.js:17:9)\n    at C:\\Users\\khali\\OneDrive\\Desktop\\Snorting-Code\\node_modules\\@babel\\runtime\\helpers\\asyncToGenerator.js:22:7\n    at new Promise (<anonymous>)\n    at Object.<anonymous> (C:\\Users\\khali\\OneDrive\\Desktop\\Snorting-Code\\node_modules\\@babel\\runtime\\helpers\\asyncToGenerator.js:14:12)\n    at Promise.then.completed (C:\\Users\\khali\\OneDrive\\Desktop\\Snorting-Code\\node_modules\\jest-circus\\build\\utils.js:298:28)\n    at new Promise (<anonymous>)\n    at callAsyncCircusFn (C:\\Users\\khali\\OneDrive\\Desktop\\Snorting-Code\\node_modules\\jest-circus\\build\\utils.js:231:10)\n    at _callCircusTest (C:\\Users\\khali\\OneDrive\\Desktop\\Snorting-Code\\node_modules\\jest-circus\\build\\run.js:316:40)\n    at _runTest (C:\\Users\\khali\\OneDrive\\Desktop\\Snorting-Code\\node_modules\\jest-circus\\build\\run.js:252:3)\n    at _runTestsForDescribeBlock (C:\\Users\\khali\\OneDrive\\Desktop\\Snorting-Code\\node_modules\\jest-circus\\build\\run.js:126:9)\n    at _runTestsForDescribeBlock (C:\\Users\\khali\\OneDrive\\Desktop\\Snorting-Code\\node_modules\\jest-circus\\build\\run.js:121:9)\n    at run (C:\\Users\\khali\\OneDrive\\Desktop\\Snorting-Code\\node_modules\\jest-circus\\build\\run.js:71:3)\n    at runAndTransformResultsToJestFormat (C:\\Users\\khali\\OneDrive\\Desktop\\Snorting-Code\\node_modules\\jest-circus\\build\\legacy-code-todo-rewrite\\jestAdapterInit.js:122:21)\n    at jestAdapter (C:\\Users\\khali\\OneDrive\\Desktop\\Snorting-Code\\node_modules\\jest-circus\\build\\legacy-code-todo-rewrite\\jestAdapter.js:79:19)\n    at runTestInternal (C:\\Users\\khali\\OneDrive\\Desktop\\Snorting-Code\\node_modules\\jest-runner\\build\\runTest.js:367:16)\n    at runTest (C:\\Users\\khali\\OneDrive\\Desktop\\Snorting-Code\\node_modules\\jest-runner\\build\\runTest.js:444:34)"],"fullName":"IndoorMapScreen clamps pinch scale between min and max","invocations":1,"location":null,"numPassingAsserts":0,"retryReasons":[],"status":"failed","title":"clamps pinch scale between min and max"}],"endTime":1774150337506,"message":"\u001b[1m\u001b[31m  \u001b[1m● \u001b[22m\u001b[1mIndoorMapScreen › defaults to the first available floor\u001b[39m\u001b[22m\n\n    \u001b[2mexpect(\u001b[22m\u001b[31mjest.fn()\u001b[39m\u001b[2m).\u001b[22mtoHaveBeenCalledWith\u001b[2m(\u001b[22m\u001b[32m...expected\u001b[39m\u001b[2m)\u001b[22m\n\n    Expected: \u001b[32mAnything\u001b[39m, \u001b[32m1\u001b[39m, \u001b[32m\"MB\"\u001b[39m\n\n    Number of calls: \u001b[31m0\u001b[39m\n\u001b[2m\u001b[22m\n\u001b[2m    \u001b[0m \u001b[90m 162 |\u001b[39m     render(\u001b[33m<\u001b[39m\u001b[33mIndoorMapScreen\u001b[39m \u001b[33m/\u001b[39m\u001b[33m>\u001b[39m)\u001b[33m;\u001b[39m\u001b[22m\n\u001b[2m     \u001b[90m 163 |\u001b[39m\u001b[22m\n\u001b[2m    \u001b[31m\u001b[1m>\u001b[22m\u001b[2m\u001b[39m\u001b[90m 164 |\u001b[39m     \u001b[36mawait\u001b[39m waitFor(() \u001b[33m=>\u001b[39m {\u001b[22m\n\u001b[2m     \u001b[90m     |\u001b[39m                  \u001b[31m\u001b[1m^\u001b[22m\u001b[2m\u001b[39m\u001b[22m\n\u001b[2m     \u001b[90m 165 |\u001b[39m       expect(parseGeoJSONToFloor)\u001b[33m.\u001b[39mtoHaveBeenCalledWith(\u001b[22m\n\u001b[2m     \u001b[90m 166 |\u001b[39m         expect\u001b[33m.\u001b[39manything()\u001b[33m,\u001b[39m\u001b[22m\n\u001b[2m     \u001b[90m 167 |\u001b[39m         \u001b[35m1\u001b[39m\u001b[33m,\u001b[39m\u001b[0m\u001b[22m\n\u001b[2m\u001b[22m\n\u001b[2m      \u001b[2mat Object.<anonymous> (\u001b[22m\u001b[2m\u001b[0m\u001b[36m__tests__/IndoorMapScreen.test.tsx\u001b[39m\u001b[0m\u001b[2m:164:18)\u001b[22m\u001b[2m\u001b[22m\n\u001b[2m      \u001b[2mat asyncGeneratorStep (\u001b[22m\u001b[2mnode_modules/@babel/runtime/helpers/asyncToGenerator.js\u001b[2m:3:17)\u001b[22m\u001b[2m\u001b[22m\n\u001b[2m      \u001b[2mat _next (\u001b[22m\u001b[2mnode_modules/@babel/runtime/helpers/asyncToGenerator.js\u001b[2m:17:9)\u001b[22m\u001b[2m\u001b[22m\n\u001b[2m      \u001b[2mat \u001b[22m\u001b[2mnode_modules/@babel/runtime/helpers/asyncToGenerator.js\u001b[2m:22:7\u001b[22m\u001b[2m\u001b[22m\n\u001b[2m      \u001b[2mat Object.<anonymous> (\u001b[22m\u001b[2mnode_modules/@babel/runtime/helpers/asyncToGenerator.js\u001b[2m:14:12)\u001b[22m\u001b[2m\u001b[22m\n\n\u001b[1m\u001b[31m  \u001b[1m● \u001b[22m\u001b[1mIndoorMapScreen › switches floor when floor button is pressed\u001b[39m\u001b[22m\n\n    \u001b[2mexpect(\u001b[22m\u001b[31mjest.fn()\u001b[39m\u001b[2m).\u001b[22mtoHaveBeenCalledWith\u001b[2m(\u001b[22m\u001b[32m...expected\u001b[39m\u001b[2m)\u001b[22m\n\n    Expected: \u001b[32mAnything\u001b[39m, \u001b[32m-2\u001b[39m, \u001b[32m\"MB\"\u001b[39m\n\n    Number of calls: \u001b[31m0\u001b[39m\n\u001b[2m\u001b[22m\n\u001b[2m    \u001b[0m \u001b[90m 186 |\u001b[39m     fireEvent\u001b[33m.\u001b[39mpress(floor2Button)\u001b[33m;\u001b[39m\u001b[22m\n\u001b[2m     \u001b[90m 187 |\u001b[39m\u001b[22m\n\u001b[2m    \u001b[31m\u001b[1m>\u001b[22m\u001b[2m\u001b[39m\u001b[90m 188 |\u001b[39m     \u001b[36mawait\u001b[39m waitFor(() \u001b[33m=>\u001b[39m {\u001b[22m\n\u001b[2m     \u001b[90m     |\u001b[39m                  \u001b[31m\u001b[1m^\u001b[22m\u001b[2m\u001b[39m\u001b[22m\n\u001b[2m     \u001b[90m 189 |\u001b[39m       expect(parseGeoJSONToFloor)\u001b[33m.\u001b[39mtoHaveBeenCalledWith(\u001b[22m\n\u001b[2m     \u001b[90m 190 |\u001b[39m         expect\u001b[33m.\u001b[39manything()\u001b[33m,\u001b[39m\u001b[22m\n\u001b[2m     \u001b[90m 191 |\u001b[39m         \u001b[33m-\u001b[39m\u001b[35m2\u001b[39m\u001b[33m,\u001b[39m\u001b[0m\u001b[22m\n\u001b[2m\u001b[22m\n\u001b[2m      \u001b[2mat Object.<anonymous> (\u001b[22m\u001b[2m\u001b[0m\u001b[36m__tests__/IndoorMapScreen.test.tsx\u001b[39m\u001b[0m\u001b[2m:188:18)\u001b[22m\u001b[2m\u001b[22m\n\u001b[2m      \u001b[2mat asyncGeneratorStep (\u001b[22m\u001b[2mnode_modules/@babel/runtime/helpers/asyncToGenerator.js\u001b[2m:3:17)\u001b[22m\u001b[2m\u001b[22m\n\u001b[2m      \u001b[2mat _next (\u001b[22m\u001b[2mnode_modules/@babel/runtime/helpers/asyncToGenerator.js\u001b[2m:17:9)\u001b[22m\u001b[2m\u001b[22m\n\n\u001b[1m\u001b[31m  \u001b[1m● \u001b[22m\u001b[1mIndoorMapScreen › parses GeoJSON into composite pattern structure\u001b[39m\u001b[22m\n\n    \u001b[2mexpect(\u001b[22m\u001b[31mjest.fn()\u001b[39m\u001b[2m).\u001b[22mtoHaveBeenCalled\u001b[2m()\u001b[22m\n\n    Expected number of calls: >= \u001b[32m1\u001b[39m\n    Received number of calls:    \u001b[31m0\u001b[39m\n\u001b[2m\u001b[22m\n\u001b[2m    \u001b[0m \u001b[90m 203 |\u001b[39m     render(\u001b[33m<\u001b[39m\u001b[33mIndoorMapScreen\u001b[39m \u001b[33m/\u001b[39m\u001b[33m>\u001b[39m)\u001b[33m;\u001b[39m\u001b[22m\n\u001b[2m     \u001b[90m 204 |\u001b[39m\u001b[22m\n\u001b[2m    \u001b[31m\u001b[1m>\u001b[22m\u001b[2m\u001b[39m\u001b[90m 205 |\u001b[39m     \u001b[36mawait\u001b[39m waitFor(() \u001b[33m=>\u001b[39m {\u001b[22m\n\u001b[2m     \u001b[90m     |\u001b[39m                  \u001b[31m\u001b[1m^\u001b[22m\u001b[2m\u001b[39m\u001b[22m\n\u001b[2m     \u001b[90m 206 |\u001b[39m       expect(parseGeoJSONToFloor)\u001b[33m.\u001b[39mtoHaveBeenCalled()\u001b[33m;\u001b[39m\u001b[22m\n\u001b[2m     \u001b[90m 207 |\u001b[39m       \u001b[36mconst\u001b[39m polygons \u001b[33m=\u001b[39m screen\u001b[33m.\u001b[39mgetAllByTestId(\u001b[32m\"svg-polygon\"\u001b[39m)\u001b[33m;\u001b[39m\u001b[22m\n\u001b[2m     \u001b[90m 208 |\u001b[39m       expect(polygons\u001b[33m.\u001b[39mlength)\u001b[33m.\u001b[39mtoBeGreaterThan(\u001b[35m0\u001b[39m)\u001b[33m;\u001b[39m\u001b[0m\u001b[22m\n\u001b[2m\u001b[22m\n\u001b[2m      \u001b[2mat Object.<anonymous> (\u001b[22m\u001b[2m\u001b[0m\u001b[36m__tests__/IndoorMapScreen.test.tsx\u001b[39m\u001b[0m\u001b[2m:205:18)\u001b[22m\u001b[2m\u001b[22m\n\u001b[2m      \u001b[2mat asyncGeneratorStep (\u001b[22m\u001b[2mnode_modules/@babel/runtime/helpers/asyncToGenerator.js\u001b[2m:3:17)\u001b[22m\u001b[2m\u001b[22m\n\u001b[2m      \u001b[2mat _next (\u001b[22m\u001b[2mnode_modules/@babel/runtime/helpers/asyncToGenerator.js\u001b[2m:17:9)\u001b[22m\u001b[2m\u001b[22m\n\u001b[2m      \u001b[2mat \u001b[22m\u001b[2mnode_modules/@babel/runtime/helpers/asyncToGenerator.js\u001b[2m:22:7\u001b[22m\u001b[2m\u001b[22m\n\u001b[2m      \u001b[2mat Object.<anonymous> (\u001b[22m\u001b[2mnode_modules/@babel/runtime/helpers/asyncToGenerator.js\u001b[2m:14:12)\u001b[22m\u001b[2m\u001b[22m\n\n\u001b[1m\u001b[31m  \u001b[1m● \u001b[22m\u001b[1mIndoorMapScreen › renders SVG polygons from composite floor children\u001b[39m\u001b[22m\n\n    Unable to find an element with testID: svg-polygon\n\n    \u001b[36m<View>\u001b[39m\n      \u001b[36m<View>\u001b[39m\n        \u001b[36m<Text>\u001b[39m\n          \u001b[0m🏛️ Inside \u001b[0m\n          \u001b[0mMB\u001b[0m\n          \u001b[0m Building\u001b[0m\n        \u001b[36m</Text>\u001b[39m\n      \u001b[36m</View>\u001b[39m\n      \u001b[36m<View>\u001b[39m\n        \u001b[36m<RCTScrollView>\u001b[39m\n          \u001b[36m<View>\u001b[39m\n            \u001b[36m<View\u001b[39m\n              \u001b[33maccessible\u001b[39m=\u001b[32m{true}\u001b[39m\n            \u001b[36m>\u001b[39m\n              \u001b[36m<Text>\u001b[39m\n                \u001b[0m1\u001b[0m\n              \u001b[36m</Text>\u001b[39m\n            \u001b[36m</View>\u001b[39m\n          \u001b[36m</View>\u001b[39m\n        \u001b[36m</RCTScrollView>\u001b[39m\n      \u001b[36m</View>\u001b[39m\n      \u001b[36m<View>\u001b[39m\n        \u001b[36m<View>\u001b[39m\n          \u001b[36m<View\u001b[39m\n            \u001b[33maccessible\u001b[39m=\u001b[32m{true}\u001b[39m\n          \u001b[36m>\u001b[39m\n            \u001b[36m<Text>\u001b[39m\n              \u001b[0mFROM\u001b[0m\n            \u001b[36m</Text>\u001b[39m\n            \u001b[36m<Text>\u001b[39m\n              \u001b[0mSelect room…\u001b[0m\n            \u001b[36m</Text>\u001b[39m\n          \u001b[36m</View>\u001b[39m\n          \u001b[36m<Text>\u001b[39m\n            \u001b[0m→\u001b[0m\n          \u001b[36m</Text>\u001b[39m\n          \u001b[36m<View\u001b[39m\n            \u001b[33maccessible\u001b[39m=\u001b[32m{true}\u001b[39m\n          \u001b[36m>\u001b[39m\n            \u001b[36m<Text>\u001b[39m\n              \u001b[0mTO\u001b[0m\n            \u001b[36m</Text>\u001b[39m\n            \u001b[36m<Text>\u001b[39m\n              \u001b[0mSelect room…\u001b[0m\n            \u001b[36m</Text>\u001b[39m\n          \u001b[36m</View>\u001b[39m\n        \u001b[36m</View>\u001b[39m\n        \u001b[36m<View>\u001b[39m\n          \u001b[36m<View\u001b[39m\n    
[...]
getShuttleAvailabilityStatus Campus / Location Logic returns unavailable if campus is outside the network","invocations":1,"location":null,"numPassingAsserts":2,"retryReasons":[],"status":"passed","title":"returns unavailable if campus is outside the network"},{"ancestorTitles":["Shuttle Availability Utils","getShuttleAvailabilityStatus","Default Date Fallback"],"duration":1,"failureDetails":[],"failureMessages":[],"fullName":"Shuttle Availability Utils getShuttleAvailabilityStatus Default Date Fallback executes without throwing if no arguments are provided","invocations":1,"location":null,"numPassingAsserts":2,"retryReasons":[],"status":"passed","title":"executes without throwing if no arguments are provided"}],"endTime":1774150371276,"message":"","name":"C:\\Users\\khali\\OneDrive\\Desktop\\Snorting-Code\\__tests__\\shuttleAvailability.test.tsx","startTime":1774150371110,"status":"passed","summary":""},{"assertionResults":[{"ancestorTitles":["ShuttleUnavailableBanner"],"duration":6,"failureDetails":[],"failureMessages":[],"fullName":"ShuttleUnavailableBanner renders the reason text and icon by default","invocations":1,"location":null,"numPassingAsserts":3,"retryReasons":[],"status":"passed","title":"renders the reason text and icon by default"},{"ancestorTitles":["ShuttleUnavailableBanner"],"duration":18,"failureDetails":[],"failureMessages":[],"fullName":"ShuttleUnavailableBanner renders the operating summary when provided","invocations":1,"location":null,"numPassingAsserts":2,"retryReasons":[],"status":"passed","title":"renders the operating summary when provided"},{"ancestorTitles":["ShuttleUnavailableBanner"],"duration":15,"failureDetails":[],"failureMessages":[],"fullName":"ShuttleUnavailableBanner does not render the operating summary if it is an empty string","invocations":1,"location":null,"numPassingAsserts":1,"retryReasons":[],"status":"passed","title":"does not render the operating summary if it is an empty string"},{"ancestorTitles":["ShuttleUnavailableBanner"],"duration":14,"failureDetails":[],"failureMessages":[],"fullName":"ShuttleUnavailableBanner renders correctly in compact mode","invocations":1,"location":null,"numPassingAsserts":3,"retryReasons":[],"status":"passed","title":"renders correctly in compact mode"}],"endTime":1774150371598,"message":"","name":"C:\\Users\\khali\\OneDrive\\Desktop\\Snorting-Code\\__tests__\\ShuttleUnavailableBanner.test.tsx","startTime":1774150371317,"status":"passed","summary":""},{"assertionResults":[{"ancestorTitles":["services/GoogleCalendarCacheStore"],"duration":2,"failureDetails":[],"failureMessages":[],"fullName":"services/GoogleCalendarCacheStore round-trips cached list and event entries and clears them together","invocations":1,"location":null,"numPassingAsserts":4,"retryReasons":[],"status":"passed","title":"round-trips cached list and event entries and clears them together"},{"ancestorTitles":["services/GoogleCalendarCacheStore"],"duration":1,"failureDetails":[],"failureMessages":[],"fullName":"services/GoogleCalendarCacheStore merges incremental event updates and removes cancelled entries","invocations":1,"location":null,"numPassingAsserts":4,"retryReasons":[],"status":"passed","title":"merges incremental event updates and removes cancelled entries"},{"ancestorTitles":["services/GoogleCalendarCacheStore"],"duration":1,"failureDetails":[],"failureMessages":[],"fullName":"services/GoogleCalendarCacheStore merges calendar list updates, keeps hidden calendars visible, and reports staleness","invocations":1,"location":null,"numPassingAsserts":3,"retryReasons":[],"status":"passed","title":"merges calendar list updates, keeps hidden calendars visible, and reports staleness"}],"endTime":1774150371805,"message":"","name":"C:\\Users\\khali\\OneDrive\\Desktop\\Snorting-Code\\__tests__\\GoogleCalendarCacheStore.test.tsx","startTime":1774150371642,"status":"passed","summary":""},{"assertionResults":[{"ancestorTitles":["IndoorMapComposite","Room"],"duration":1,"failureDetails":[],"failureMessages":[],"fullName":"IndoorMapComposite Room creates a room with correct properties","invocations":1,"location":null,"numPassingAsserts":5,"retryReasons":[],"status":"passed","title":"creates a room with correct properties"},{"ancestorTitles":["IndoorMapComposite","Room"],"duration":1,"failureDetails":[],"failureMessages":[],"fullName":"IndoorMapComposite Room returns itself in getRooms","invocations":1,"location":null,"numPassingAsserts":1,"retryReasons":[],"status":"passed","title":"returns itself in getRooms"},{"ancestorTitles":["IndoorMapComposite","Room"],"duration":1,"failureDetails":[],"failureMessages":[],"fullName":"IndoorMapComposite Room returns empty arrays for getFloors and getPOIs","invocations":1,"location":null,"numPassingAsserts":2,"retryReasons":[],"status":"passed","title":"returns empty arrays for getFloors and getPOIs"},{"ancestorTitles":["IndoorMapComposite","POI"],"duration":6,"failureDetails":[],"failureMessages":[],"fullName":"IndoorMapComposite POI creates a POI with correct properties","invocations":1,"location":null,"numPassingAsserts":5,"retryReasons":[],"status":"passed","title":"creates a POI with correct properties"},{"ancestorTitles":["IndoorMapComposite","POI"],"duration":1,"failureDetails":[],"failureMessages":[],"fullName":"IndoorMapComposite POI returns itself in getPOIs","invocations":1,"location":null,"numPassingAsserts":1,"retryReasons":[],"status":"passed","title":"returns itself in getPOIs"},{"ancestorTitles":["IndoorMapComposite","POI"],"duration":0,"failureDetails":[],"failureMessages":[],"fullName":"IndoorMapComposite POI returns empty arrays for getFloors and getRooms","invocations":1,"location":null,"numPassingAsserts":2,"retryReasons":[],"status":"passed","title":"returns empty arrays for getFloors and getRooms"},{"ancestorTitles":["IndoorMapComposite","Hallway"],"duration":1,"failureDetails":[],"failureMessages":[],"fullName":"IndoorMapComposite Hallway creates a hallway with correct properties","invocations":1,"location":null,"numPassingAsserts":4,"retryReasons":[],"status":"passed","title":"creates a hallway with correct properties"},{"ancestorTitles":["IndoorMapComposite","Hallway"],"duration":1,"failureDetails":[],"failureMessages":[],"fullName":"IndoorMapComposite Hallway returns empty arrays for all collection methods","invocations":1,"location":null,"numPassingAsserts":3,"retryReasons":[],"status":"passed","title":"returns empty arrays for all collection methods"},{"ancestorTitles":["IndoorMapComposite","Floor"],"duration":1,"failureDetails":[],"failureMessages":[],"fullName":"IndoorMapComposite Floor creates a floor with correct properties","invocations":1,"location":null,"numPassingAsserts":4,"retryReasons":[],"status":"passed","title":"creates a floor with correct properties"},{"ancestorTitles":["IndoorMapComposite","Floor"],"duration":1,"failureDetails":[],"failureMessages":[],"fullName":"IndoorMapComposite Floor adds children and retrieves them","invocations":1,"location":null,"numPassingAsserts":3,"retryReasons":[],"status":"passed","title":"adds children and retrieves them"},{"ancestorTitles":["IndoorMapComposite","Floor"],"duration":1,"failureDetails":[],"failureMessages":[],"fullName":"IndoorMapComposite Floor aggregates rooms from children","invocations":1,"location":null,"numPassingAsserts":3,"retryReasons":[],"status":"passed","title":"aggregates rooms from children"},{"ancestorTitles":["IndoorMapComposite","Floor"],"duration":1,"failureDetails":[],"failureMessages":[],"fullName":"IndoorMapComposite Floor aggregates POIs from children","invocations":1,"location":null,"numPassingAsserts":3,"retryReasons":[],"status":"passed","title":"aggregates POIs from children"},{"ancestorTitles":["IndoorMapComposite","Floor"],"duration":1,"failureDetails":[],"failureMessages":[],"fullName":"IndoorMapComposite Floor returns itself in getFloors","invocations":1,"location":null,"numPassingAsserts":1,"retryReasons":[],"status":"passed","title":"returns itself in getFloors"},{"ancestorTitles":["IndoorMapComposite","Building"],"duration":1,"failureDetails":[],"failureMessages":[],"fullName":"IndoorMapComposite Building creates a building with correct properties","invocations":1,"location":null,"numPassingAsserts":4,"retryReasons":[],"status":"passed","title":"creates a building with correct properties"},{"ancestorTitles":["IndoorMapComposite","Building"],"duration":1,"failureDetails":[],"failureMessages":[],"fullName":"IndoorMapComposite Building adds floors and retrieves them","invocations":1,"location":null,"numPassingAsserts":3,"retryReasons":[],"status":"passed","title":"adds floors and retrieves them"},{"ancestorTitles":["IndoorMapComposite","Building"],"duration":1,"failureDetails":[],"failureMessages":[],"fullName":"IndoorMapComposite Building aggregates rooms from all floors","invocations":1,"location":null,"numPassingAsserts":3,"retryReasons":[],"status":"passed","title":"aggregates rooms from all floors"},{"ancestorTitles":["IndoorMapComposite","Building"],"duration":0,"failureDetails":[],"failureMessages":[],"fullName":"IndoorMapComposite Building aggregates POIs from all floors","invocations":1,"location":null,"numPassingAsserts":3,"retryReasons":[],"status":"passed","title":"aggregates POIs from all floors"},{"ancestorTitles":["IndoorMapComposite","parseGeoJSONToFloor"],"duration":1,"failureDetails":[],"failureMessages":[],"fullName":"IndoorMapComposite parseGeoJSONToFloor parses GeoJSON with rooms, hallways, and POIs","invocations":1,"location":null,"numPassingAsserts":4,"retryReasons":[],"status":"passed","title":"parses GeoJSON with rooms, hallways, and POIs"},{"ancestorTitles":["IndoorMapComposite","parseGeoJSONToFloor"],"duration":1,"failureDetails":[],"failureMessages":[],"fullName":"IndoorMapComposite parseGeoJSONToFloor calculates centroid when not provided","invocations":1,"location":null,"numPassingAsserts":2,"retryReasons":[],"status":"passed","title":"calculates centroid when not provided"},{"ancestorTitles":["IndoorMapComposite","parseGeoJSONToFloor"],"duration":1,"failureDetails":[],"failureMessages":[],"fullName":"IndoorMapComposite parseGeoJSONToFloor uses provided centroid from GeoJSON properties","invocations":1,"location":null,"numPassingAsserts":1,"retryReasons":[],"status":"passed","title":"uses provided centroid from GeoJSON properties"},{"ancestorTitles":["IndoorMapComposite","parseGeoJSONToBuilding"],"duration":0,"failureDetails":[],"failureMessages":[],"fullName":"IndoorMapComposite parseGeoJSONToBuilding parses multiple floors into a building","invocations":1,"location":null,"numPassingAsserts":3,"retryReasons":[],"status":"passed","title":"parses multiple floors into a building"}],"endTime":1774150372011,"message":"","name":"C:\\Users\\khali\\OneDrive\\Desktop\\Snorting-Code\\__tests__\\IndoorMapComposite.test.tsx","startTime":1774150371833,"status":"passed","summary":""},{"assertionResults":[{"ancestorTitles":["services/TokenStore","saveGoogleAccessToken"],"duration":1,"failureDetails":[],"failureMessages":[],"fullName":"services/TokenStore saveGoogleAccessToken stores the access token and meta when meta provided","invocations":1,"location":null,"numPassingAsserts":5,"retryReasons":[],"status":"passed","title":"stores the access token and meta when meta provided"},{"ancestorTitles":["services/TokenStore","saveGoogleAccessToken"],"duration":6,"failureDetails":[],"failureMessages":[],"fullName":"services/TokenStore saveGoogleAccessToken stores the access token and deletes meta when meta not provided","invocations":1,"location":null,"numPassingAsserts":4,"retryReasons":[],"status":"passed","title":"stores the access token and deletes meta when meta not provided"},{"ancestorTitles":["services/TokenStore","getGoogleAccessToken"],"duration":0,"failureDetails":[],"failureMessages":[],"fullName":"services/TokenStore getGoogleAccessToken returns accessToken + parsed meta when meta JSON is valid","invocations":1,"location":null,"numPassingAsserts":4,"retryReasons":[],"status":"passed","title":"returns accessToken + parsed meta when meta JSON is valid"},{"ancestorTitles":["services/TokenStore","getGoogleAccessToken"],"duration":0,"failureDetails":[],"failureMessages":[],"fullName":"services/TokenStore getGoogleAccessToken returns meta null if meta JSON is invalid","invocations":1,"location":null,"numPassingAsserts":1,"retryReasons":[],"status":"passed","title":"returns meta null if meta JSON is invalid"},{"ancestorTitles":["services/TokenStore","getGoogleAccessToken"],"duration":0,"failureDetails":[],"failureMessages":[],"fullName":"services/TokenStore getGoogleAccessToken returns meta null if meta is missing","invocations":1,"location":null,"numPassingAsserts":1,"retryReasons":[],"status":"passed","title":"returns meta null if meta is missing"},{"ancestorTitles":["services/TokenStore","getGoogleAccessToken"],"duration":0,"failureDetails":[],"failureMessages":[],"fullName":"services/TokenStore getGoogleAccessToken returns accessToken null if access token is missing","invocations":1,"location":null,"numPassingAsserts":1,"retryReasons":[],"status":"passed","title":"returns accessToken null if access token is missing"},{"ancestorTitles":["services/TokenStore","deleteGoogleAccessToken"],"duration":0,"failureDetails":[],"failureMessages":[],"fullName":"services/TokenStore deleteGoogleAccessToken deletes both token and meta keys","invocations":1,"location":null,"numPassingAsserts":3,"retryReasons":[],"status":"passed","title":"deletes both token and meta keys"},{"ancestorTitles":["services/TokenStore","isTokenLikelyExpired"],"duration":0,"failureDetails":[],"failureMessages":[],"fullName":"services/TokenStore isTokenLikelyExpired returns false when meta is null","invocations":1,"location":null,"numPassingAsserts":1,"retryReasons":[],"status":"passed","title":"returns false when meta is null"},{"ancestorTitles":["services/TokenStore","isTokenLikelyExpired"],"duration":0,"failureDetails":[],"failureMessages":[],"fullName":"services/TokenStore isTokenLikelyExpired returns false when issuedAt missing","invocations":1,"location":null,"numPassingAsserts":1,"retryReasons":[],"status":"passed","title":"returns false when issuedAt missing"},{"ancestorTitles":["services/TokenStore","isTokenLikelyExpired"],"duration":0,"failureDetails":[],"failureMessages":[],"fullName":"services/TokenStore isTokenLikelyExpired returns false when expiresIn missing","invocations":1,"location":null,"numPassingAsserts":1,"retryReasons":[],"status":"passed","title":"returns false when expiresIn missing"},{"ancestorTitles":["services/TokenStore","isTokenLikelyExpired"],"duration":1,"failureDetails":[],"failureMessages":[],"fullName":"services/TokenStore isTokenLikelyExpired returns false when token is still valid (with 60s safety buffer)","invocations":1,"location":null,"numPassingAsserts":1,"retryReasons":[],"status":"passed","title":"returns false when token is still valid (with 60s safety buffer)"},{"ancestorTitles":["services/TokenStore","isTokenLikelyExpired"],"duration":0,"failureDetails":[],"failureMessages":[],"fullName":"services/TokenStore isTokenLikelyExpired returns true when token is expired or within buffer window","invocations":1,"location":null,"numPassingAsserts":1,"retryReasons":[],"status":"passed","title":"returns true when token is expired or within buffer window"}],"endTime":1774150372191,"message":"","name":"C:\\Users\\khali\\OneDrive\\Desktop\\Snorting-Code\\__tests__\\TokenStore.test.tsx","startTime":1774150372047,"status":"passed","summary":""},{"assertionResults":[{"ancestorTitles":["NavigationBar Styles"],"duration":1,"failureDetails":[],"failureMessages":[],"fullName":"NavigationBar Styles calculates FULL_HEIGHT as 90% of screen height","invocations":1,"location":null,"numPassingAsserts":1,"retryReasons":[],"status":"passed","title":"calculates FULL_HEIGHT as 90% of screen height"},{"ancestorTitles":["NavigationBar Styles"],"duration":1,"failureDetails":[],"failureMessages":[],"fullName":"NavigationBar Styles exports PEEK_HEIGHT constant","invocations":1,"location":null,"numPassingAsserts":1,"retryReasons":[],"status":"passed","title":"exports PEEK_HEIGHT constant"},{"ancestorTitles":["NavigationBar Styles"],"duration":0,"failureDetails":[],"failureMessages":[],"fullName":"NavigationBar Styles sheet style has correct height from FULL_HEIGHT","invocations":1,"location":null,"numPassingAsserts":1,"retryReasons":[],"status":"passed","title":"sheet style has correct height from FULL_HEIGHT"},{"ancestorTitles":["NavigationBar Styles"],"duration":0,"failureDetails":[],"failureMessages":[],"fullName":"NavigationBar Styles searchButton uses primary color from theme","invocations":1,"location":null,"numPassingAsserts":1,"retryReasons":[],"status":"passed","title":"searchButton uses primary color from theme"}],"endTime":1774150372354,"message":"","name":"C:\\Users\\khali\\OneDrive\\Desktop\\Snorting-Code\\__tests__\\NavigationBarStyle.test.tsx","startTime":1774150372220,"status":"passed","summary":""},{"assertionResults":[{"ancestorTitles":["indoorNavigation"],"duration":3,"failureDetails":[],"failureMessages":[],"fullName":"indoorNavigation avoids blocked connector and picks another hallway node","invocations":1,"location":null,"numPassingAsserts":2,"retryReasons":[],"status":"passed","title":"avoids blocked connector and picks another hallway node"},{"ancestorTitles":["indoorNavigation"],"duration":0,"failureDetails":[],"failureMessages":[],"fullName":"indoorNavigation does not expose a room as selectable when only blocked connectors exist","invocations":1,"location":null,"numPassingAsserts":2,"retryReasons":[],"status":"passed","title":"does not expose a room as selectable when only blocked connectors exist"},{"ancestorTitles":["indoorNavigation"],"duration":1,"failureDetails":[],"failureMessages":[],"fullName":"indoorNavigation finds path distance only over connected nodes","invocations":1,"location":null,"numPassingAsserts":2,"retryReasons":[],"status":"passed","title":"finds path distance only over connected nodes"}],"endTime":1774150372529,"message":"","name":"C:\\Users\\khali\\OneDrive\\Desktop\\Snorting-Code\\__tests__\\indoorNavigation.test.ts","startTime":1774150372384,"status":"passed","summary":""},{"assertionResults":[{"ancestorTitles":["findBuildingByCode"],"duration":1,"failureDetails":[],"failureMessages":[],"fullName":"findBuildingByCode returns the building matching the code (case-insensitive)","invocations":1,"location":null,"numPassingAsserts":3,"retryReasons":[],"status":"passed","title":"returns the building matching the code (case-insensitive)"},{"ancestorTitles":["findBuildingByCode"],"duration":0,"failureDetails":[],"failureMessages":[],"fullName":"findBuildingByCode returns the building for uppercase code","invocations":1,"location":null,"numPassingAsserts":2,"retryReasons":[],"status":"passed","title":"returns the building for uppercase code"},{"ancestorTitles":["findBuildingByCode"],"duration":0,"failureDetails":[],"failureMessages":[],"fullName":"findBuildingByCode returns null for an unknown code","invocations":1,"location":null,"numPassingAsserts":1,"retryReasons":[],"status":"passed","title":"returns null for an unknown code"},{"ancestorTitles":["findBuildingByCode"],"duration":0,"failureDetails":[],"failureMessages":[],"fullName":"findBuildingByCode returns null for an empty string","invocations":1,"location":null,"numPassingAsserts":1,"retryReasons":[],"status":"passed","title":"returns null for an empty string"},{"ancestorTitles":["findBuildingByCode"],"duration":0,"failureDetails":[],"failureMessages":[],"fullName":"findBuildingByCode trims whitespace","invocations":1,"location":null,"numPassingAsserts":2,"retryReasons":[],"status":"passed","title":"trims whitespace"}],"endTime":1774150372675,"message":"","name":"C:\\Users\\khali\\OneDrive\\Desktop\\Snorting-Code\\__tests__\\findBuildingByCode.test.tsx","startTime":1774150372556,"status":"passed","summary":""}],"wasInterrupted":false}
