<?xml version="1.0" encoding="UTF-8"?>
<coverage generated="1770424709379" clover="3.2.0">
  <project timestamp="1770424709380" name="All files">
    <metrics statements="66" coveredstatements="41" conditionals="56" coveredconditionals="49" methods="27" coveredmethods="15" elements="149" coveredelements="105" complexity="0" loc="66" ncloc="66" packages="4" files="12" classes="12"/>
    <package name="Snorting-Code">
      <metrics statements="3" coveredstatements="0" conditionals="0" coveredconditionals="0" methods="0" coveredmethods="0"/>
      <file name="eslint.config.js" path="C:\Dev\soen-390\Snorting-Code\eslint.config.js">
        <metrics statements="3" coveredstatements="0" conditionals="0" coveredconditionals="0" methods="0" coveredmethods="0"/>
        <line num="2" count="0" type="stmt"/>
        <line num="3" count="0" type="stmt"/>
        <line num="5" count="0" type="stmt"/>
      </file>
      <file name="expo-env.d.ts" path="C:\Dev\soen-390\Snorting-Code\expo-env.d.ts">
        <metrics statements="0" coveredstatements="0" conditionals="0" coveredconditionals="0" methods="0" coveredmethods="0"/>
      </file>
    </package>
    <package name="Snorting-Code.app">
      <metrics statements="16" coveredstatements="12" conditionals="8" coveredconditionals="7" methods="9" coveredmethods="5"/>
      <file name="CampusMapScreen.tsx" path="C:\Dev\soen-390\Snorting-Code\app\CampusMapScreen.tsx">
        <metrics statements="8" coveredstatements="8" conditionals="8" coveredconditionals="7" methods="4" coveredmethods="4"/>
        <line num="9" count="4" type="stmt"/>
        <line num="11" count="4" type="stmt"/>
        <line num="15" count="4" type="stmt"/>
        <line num="16" count="3" type="cond" truecount="2" falsecount="0"/>
        <line num="19" count="4" type="stmt"/>
        <line num="20" count="1" type="cond" truecount="1" falsecount="1"/>
        <line num="23" count="4" type="stmt"/>
        <line num="36" count="1" type="stmt"/>
      </file>
      <file name="_layout.tsx" path="C:\Dev\soen-390\Snorting-Code\app\_layout.tsx">
        <metrics statements="1" coveredstatements="0" conditionals="0" coveredconditionals="0" methods="1" coveredmethods="0"/>
        <line num="4" count="0" type="stmt"/>
      </file>
      <file name="index.tsx" path="C:\Dev\soen-390\Snorting-Code\app\index.tsx">
        <metrics statements="7" coveredstatements="4" conditionals="0" coveredconditionals="0" methods="4" coveredmethods="1"/>
        <line num="7" count="4" type="stmt"/>
        <line num="9" count="4" type="stmt"/>
        <line num="10" count="0" type="stmt"/>
        <line num="16" count="4" type="stmt"/>
        <line num="21" count="0" type="stmt"/>
        <line num="25" count="0" type="stmt"/>
        <line num="32" count="1" type="stmt"/>
      </file>
    </package>
    <package name="Snorting-Code.components">
      <metrics statements="41" coveredstatements="25" conditionals="48" coveredconditionals="42" methods="18" coveredmethods="10"/>
      <file name="AccessibilityIcons.tsx" path="C:\Dev\soen-390\Snorting-Code\components\AccessibilityIcons.tsx">
        <metrics statements="9" coveredstatements="9" conditionals="3" coveredconditionals="3" methods="3" coveredmethods="3"/>
        <line num="6" count="1" type="stmt"/>
        <line num="9" count="1" type="stmt"/>
        <line num="17" count="1" type="stmt"/>
        <line num="30" count="1" type="cond" truecount="1" falsecount="0"/>
        <line num="31" count="35" type="stmt"/>
        <line num="33" count="7" type="cond" truecount="2" falsecount="0"/>
        <line num="35" count="6" type="stmt"/>
        <line num="38" count="14" type="stmt"/>
        <line num="50" count="1" type="stmt"/>
      </file>
      <file name="BuildingInfoPopup.tsx" path="C:\Dev\soen-390\Snorting-Code\components\BuildingInfoPopup.tsx">
        <metrics statements="16" coveredstatements="16" conditionals="39" coveredconditionals="39" methods="8" coveredmethods="7"/>
        <line num="14" count="1" type="stmt"/>
        <line num="15" count="30" type="stmt"/>
        <line num="18" count="30" type="stmt"/>
        <line num="19" count="20" type="stmt"/>
        <line num="22" count="30" type="cond" truecount="2" falsecount="0"/>
        <line num="24" count="29" type="cond" truecount="2" falsecount="0"/>
        <line num="25" count="29" type="cond" truecount="2" falsecount="0"/>
        <line num="26" count="29" type="cond" truecount="2" falsecount="0"/>
        <line num="28" count="29" type="stmt"/>
        <line num="29" count="9" type="cond" truecount="2" falsecount="0"/>
        <line num="33" count="29" type="cond" truecount="2" falsecount="0"/>
        <line num="39" count="29" type="stmt"/>
        <line num="79" count="6" type="stmt"/>
        <line num="99" count="3" type="stmt"/>
        <line num="116" count="17" type="stmt"/>
        <line num="136" count="1" type="stmt"/>
      </file>
      <file name="CampusMap.tsx" path="C:\Dev\soen-390\Snorting-Code\components\CampusMap.tsx">
        <metrics statements="16" coveredstatements="0" conditionals="6" coveredconditionals="0" methods="7" coveredmethods="0"/>
        <line num="10" count="0" type="stmt"/>
        <line num="12" count="0" type="stmt"/>
        <line num="14" count="0" type="cond" truecount="0" falsecount="2"/>
        <line num="17" count="0" type="stmt"/>
        <line num="18" count="0" type="stmt"/>
        <line num="19" count="0" type="stmt"/>
        <line num="22" count="0" type="stmt"/>
        <line num="24" count="0" type="stmt"/>
        <line num="25" count="0" type="stmt"/>
        <line num="36" count="0" type="stmt"/>
        <line num="46" count="0" type="stmt"/>
        <line num="47" count="0" type="stmt"/>
        <line num="56" count="0" type="stmt"/>
        <line num="57" count="0" type="stmt"/>
        <line num="66" count="0" type="stmt"/>
        <line num="72" count="0" type="stmt"/>
      </file>
    </package>
    <package name="Snorting-Code.constants">
      <metrics statements="6" coveredstatements="4" conditionals="0" coveredconditionals="0" methods="0" coveredmethods="0"/>
      <file name="buildings.ts" path="C:\Dev\soen-390\Snorting-Code\constants\buildings.ts">
        <metrics statements="1" coveredstatements="0" conditionals="0" coveredconditionals="0" methods="0" coveredmethods="0"/>
        <line num="13" count="0" type="stmt"/>
      </file>
      <file name="campuses.ts" path="C:\Dev\soen-390\Snorting-Code\constants\campuses.ts">
        <metrics statements="1" coveredstatements="0" conditionals="0" coveredconditionals="0" methods="0" coveredmethods="0"/>
        <line num="12" count="0" type="stmt"/>
      </file>
      <file name="theme.ts" path="C:\Dev\soen-390\Snorting-Code\constants\theme.ts">
        <metrics statements="4" coveredstatements="4" conditionals="0" coveredconditionals="0" methods="0" coveredmethods="0"/>
        <line num="2" count="4" type="stmt"/>
        <line num="30" count="4" type="stmt"/>
        <line num="58" count="4" type="stmt"/>
        <line num="68" count="4" type="stmt"/>
      </file>
      <file name="type.ts" path="C:\Dev\soen-390\Snorting-Code\constants\type.ts">
        <metrics statements="0" coveredstatements="0" conditionals="0" coveredconditionals="0" methods="0" coveredmethods="0"/>
      </file>
    </package>
  </project>
</coverage>
