TN:
SF:eslint.config.js
FNF:0
FNH:0
DA:2,0
DA:3,0
DA:5,0
LF:3
LH:0
BRF:0
BRH:0
end_of_record
TN:
SF:expo-env.d.ts
FNF:0
FNH:0
LF:0
LH:0
BRF:0
BRH:0
end_of_record
TN:
SF:app\CampusMapScreen.tsx
FN:8,CampusMapScreen
FN:15,(anonymous_1)
FN:19,(anonymous_2)
FN:20,(anonymous_3)
FNF:4
FNH:4
FNDA:4,CampusMapScreen
FNDA:3,(anonymous_1)
FNDA:1,(anonymous_2)
FNDA:1,(anonymous_3)
DA:9,4
DA:11,4
DA:15,4
DA:16,3
DA:19,4
DA:20,1
DA:23,4
DA:36,1
LF:8
LH:8
BRDA:12,0,0,1
BRDA:12,0,1,3
BRDA:16,1,0,1
BRDA:16,1,1,2
BRDA:20,2,0,1
BRDA:20,2,1,0
BRDA:29,3,0,2
BRDA:29,3,1,2
BRF:8
BRH:7
end_of_record
TN:
SF:app\_layout.tsx
FN:3,RootLayout
FNF:1
FNH:0
FNDA:0,RootLayout
DA:4,0
LF:1
LH:0
BRF:0
BRH:0
end_of_record
TN:
SF:app\index.tsx
FN:6,Index
FN:9,(anonymous_1)
FN:21,(anonymous_2)
FN:25,(anonymous_3)
FNF:4
FNH:1
FNDA:4,Index
FNDA:0,(anonymous_1)
FNDA:0,(anonymous_2)
FNDA:0,(anonymous_3)
DA:7,4
DA:9,4
DA:10,0
DA:16,4
DA:21,0
DA:25,0
DA:32,1
LF:7
LH:4
BRF:0
BRH:0
end_of_record
TN:
SF:components\AccessibilityIcons.tsx
FN:30,(anonymous_0)
FN:31,(anonymous_1)
FN:37,(anonymous_2)
FNF:3
FNH:3
FNDA:7,(anonymous_0)
FNDA:35,(anonymous_1)
FNDA:14,(anonymous_2)
DA:6,1
DA:9,1
DA:17,1
DA:30,1
DA:31,35
DA:33,7
DA:35,6
DA:38,14
DA:50,1
LF:9
LH:9
BRDA:30,0,0,6
BRDA:33,1,0,1
BRDA:33,1,1,6
BRF:3
BRH:3
end_of_record
TN:
SF:components\BuildingInfoPopup.tsx
FN:14,(anonymous_0)
FN:18,(anonymous_1)
FN:28,(anonymous_2)
FN:29,(anonymous_3)
FN:79,(anonymous_4)
FN:99,(anonymous_5)
FN:115,(anonymous_6)
FN:128,(anonymous_7)
FNF:8
FNH:7
FNDA:30,(anonymous_0)
FNDA:20,(anonymous_1)
FNDA:9,(anonymous_2)
FNDA:9,(anonymous_3)
FNDA:6,(anonymous_4)
FNDA:3,(anonymous_5)
FNDA:17,(anonymous_6)
FNDA:0,(anonymous_7)
DA:14,1
DA:15,30
DA:18,30
DA:19,20
DA:22,30
DA:24,29
DA:25,29
DA:26,29
DA:28,29
DA:29,9
DA:33,29
DA:39,29
DA:79,6
DA:99,3
DA:116,17
DA:136,1
LF:16
LH:16
BRDA:22,0,0,1
BRDA:22,0,1,29
BRDA:24,1,0,29
BRDA:24,1,1,24
BRDA:25,2,0,29
BRDA:25,2,1,24
BRDA:26,3,0,29
BRDA:26,3,1,5
BRDA:29,4,0,1
BRDA:29,4,1,8
BRDA:33,5,0,6
BRDA:33,5,1,23
BRDA:35,6,0,3
BRDA:35,6,1,20
BRDA:63,7,0,29
BRDA:63,7,1,24
BRDA:63,7,2,21
BRDA:68,8,0,29
BRDA:68,8,1,27
BRDA:71,9,0,27
BRDA:71,9,1,24
BRDA:76,10,0,24
BRDA:76,10,1,3
BRDA:77,11,0,24
BRDA:77,11,1,6
BRDA:84,12,0,24
BRDA:84,12,1,6
BRDA:91,13,0,27
BRDA:91,13,1,24
BRDA:96,14,0,24
BRDA:96,14,1,3
BRDA:97,15,0,24
BRDA:97,15,1,3
BRDA:104,16,0,24
BRDA:104,16,1,3
BRDA:113,17,0,27
BRDA:113,17,1,9
BRDA:113,17,2,9
BRDA:113,17,3,9
BRF:39
BRH:39
end_of_record
TN:
SF:components\CampusMap.tsx
FN:9,CampusMap
FN:12,(anonymous_1)
FN:17,(anonymous_2)
FN:24,(anonymous_3)
FN:45,(anonymous_4)
FN:55,(anonymous_5)
FN:66,(anonymous_6)
FNF:7
FNH:0
FNDA:0,CampusMap
FNDA:0,(anonymous_1)
FNDA:0,(anonymous_2)
FNDA:0,(anonymous_3)
FNDA:0,(anonymous_4)
FNDA:0,(anonymous_5)
FNDA:0,(anonymous_6)
DA:10,0
DA:12,0
DA:14,0
DA:17,0
DA:18,0
DA:19,0
DA:22,0
DA:24,0
DA:25,0
DA:36,0
DA:46,0
DA:47,0
DA:56,0
DA:57,0
DA:66,0
DA:72,0
LF:16
LH:0
BRDA:14,0,0,0
BRDA:14,0,1,0
BRDA:51,1,0,0
BRDA:51,1,1,0
BRDA:53,2,0,0
BRDA:53,2,1,0
BRF:6
BRH:0
end_of_record
TN:
SF:constants\buildings.ts
FNF:0
FNH:0
DA:13,0
LF:1
LH:0
BRF:0
BRH:0
end_of_record
TN:
SF:constants\campuses.ts
FNF:0
FNH:0
DA:12,0
LF:1
LH:0
BRF:0
BRH:0
end_of_record
TN:
SF:constants\theme.ts
FNF:0
FNH:0
DA:2,4
DA:30,4
DA:58,4
DA:68,4
LF:4
LH:4
BRF:0
BRH:0
end_of_record
TN:
SF:constants\type.ts
FNF:0
FNH:0
LF:0
LH:0
BRF:0
BRH:0
end_of_record
